{"C:\\Edstem\\capstone\\shopping-list\\src\\App.jsx": {"path":"C:\\Edstem\\capstone\\shopping-list\\src\\App.jsx","all":true,"statementMap":{"0":{"start":{"line":1,"column":0},"end":{"line":1,"column":74}},"1":{"start":{"line":2,"column":0},"end":{"line":2,"column":32}},"2":{"start":{"line":3,"column":0},"end":{"line":3,"column":34}},"3":{"start":{"line":4,"column":0},"end":{"line":4,"column":57}},"4":{"start":{"line":5,"column":0},"end":{"line":5,"column":40}},"5":{"start":{"line":6,"column":0},"end":{"line":6,"column":38}},"6":{"start":{"line":7,"column":0},"end":{"line":7,"column":46}},"7":{"start":{"line":8,"column":0},"end":{"line":8,"column":16}},"8":{"start":{"line":9,"column":0},"end":{"line":9,"column":10}},"9":{"start":{"line":10,"column":0},"end":{"line":10,"column":19}},"10":{"start":{"line":11,"column":0},"end":{"line":11,"column":14}},"11":{"start":{"line":12,"column":0},"end":{"line":12,"column":60}},"12":{"start":{"line":13,"column":0},"end":{"line":13,"column":51}},"13":{"start":{"line":14,"column":0},"end":{"line":14,"column":14}},"14":{"start":{"line":15,"column":0},"end":{"line":15,"column":22}},"15":{"start":{"line":16,"column":0},"end":{"line":16,"column":19}},"16":{"start":{"line":17,"column":0},"end":{"line":17,"column":28}},"17":{"start":{"line":18,"column":0},"end":{"line":18,"column":22}},"18":{"start":{"line":19,"column":0},"end":{"line":19,"column":29}},"20":{"start":{"line":21,"column":0},"end":{"line":21,"column":10}},"21":{"start":{"line":22,"column":0},"end":{"line":22,"column":14}},"22":{"start":{"line":23,"column":0},"end":{"line":23,"column":27}},"23":{"start":{"line":24,"column":0},"end":{"line":24,"column":19}},"24":{"start":{"line":25,"column":0},"end":{"line":25,"column":28}},"25":{"start":{"line":26,"column":0},"end":{"line":26,"column":25}},"26":{"start":{"line":27,"column":0},"end":{"line":27,"column":29}},"28":{"start":{"line":29,"column":0},"end":{"line":29,"column":10}},"29":{"start":{"line":30,"column":0},"end":{"line":30,"column":14}},"30":{"start":{"line":31,"column":0},"end":{"line":31,"column":31}},"31":{"start":{"line":32,"column":0},"end":{"line":32,"column":19}},"32":{"start":{"line":33,"column":0},"end":{"line":33,"column":28}},"33":{"start":{"line":34,"column":0},"end":{"line":34,"column":29}},"34":{"start":{"line":35,"column":0},"end":{"line":35,"column":29}},"36":{"start":{"line":37,"column":0},"end":{"line":37,"column":10}},"37":{"start":{"line":38,"column":0},"end":{"line":38,"column":14}},"38":{"start":{"line":39,"column":0},"end":{"line":39,"column":31}},"39":{"start":{"line":40,"column":0},"end":{"line":40,"column":19}},"40":{"start":{"line":41,"column":0},"end":{"line":41,"column":28}},"41":{"start":{"line":42,"column":0},"end":{"line":42,"column":26}},"42":{"start":{"line":43,"column":0},"end":{"line":43,"column":29}},"44":{"start":{"line":45,"column":0},"end":{"line":45,"column":10}},"45":{"start":{"line":46,"column":0},"end":{"line":46,"column":15}},"46":{"start":{"line":47,"column":0},"end":{"line":47,"column":20}},"48":{"start":{"line":49,"column":0},"end":{"line":49,"column":1}},"50":{"start":{"line":51,"column":0},"end":{"line":51,"column":19}}},"s":{"0":0,"1":0,"2":0,"3":0,"4":0,"5":0,"6":0,"7":0,"8":0,"9":0,"10":0,"11":0,"12":0,"13":0,"14":0,"15":0,"16":0,"17":0,"18":0,"20":0,"21":0,"22":0,"23":0,"24":0,"25":0,"26":0,"28":0,"29":0,"30":0,"31":0,"32":0,"33":0,"34":0,"36":0,"37":0,"38":0,"39":0,"40":0,"41":0,"42":0,"44":0,"45":0,"46":0,"48":0,"50":0},"branchMap":{"0":{"type":"branch","line":1,"loc":{"start":{"line":1,"column":1307},"end":{"line":51,"column":19}},"locations":[{"start":{"line":1,"column":1307},"end":{"line":51,"column":19}}]}},"b":{"0":[0]},"fnMap":{"0":{"name":"(empty-report)","decl":{"start":{"line":1,"column":1307},"end":{"line":51,"column":19}},"loc":{"start":{"line":1,"column":1307},"end":{"line":51,"column":19}},"line":1}},"f":{"0":0}}
,"C:\\Edstem\\capstone\\shopping-list\\src\\main.jsx": {"path":"C:\\Edstem\\capstone\\shopping-list\\src\\main.jsx","all":true,"statementMap":{"0":{"start":{"line":1,"column":0},"end":{"line":1,"column":35}},"1":{"start":{"line":2,"column":0},"end":{"line":2,"column":46}},"2":{"start":{"line":3,"column":0},"end":{"line":3,"column":50}},"3":{"start":{"line":4,"column":0},"end":{"line":4,"column":39}},"4":{"start":{"line":5,"column":0},"end":{"line":5,"column":28}},"6":{"start":{"line":7,"column":0},"end":{"line":7,"column":28}},"8":{"start":{"line":9,"column":0},"end":{"line":9,"column":51}},"9":{"start":{"line":10,"column":0},"end":{"line":10,"column":14}},"10":{"start":{"line":11,"column":0},"end":{"line":11,"column":24}},"11":{"start":{"line":12,"column":0},"end":{"line":12,"column":9}},"12":{"start":{"line":13,"column":0},"end":{"line":13,"column":11}},"13":{"start":{"line":14,"column":0},"end":{"line":14,"column":15}},"14":{"start":{"line":15,"column":0},"end":{"line":15,"column":2}}},"s":{"0":0,"1":0,"2":0,"3":0,"4":0,"6":0,"8":0,"9":0,"10":0,"11":0,"12":0,"13":0,"14":0},"branchMap":{"0":{"type":"branch","line":1,"loc":{"start":{"line":1,"column":339},"end":{"line":15,"column":-243}},"locations":[{"start":{"line":1,"column":339},"end":{"line":15,"column":-243}}]}},"b":{"0":[0]},"fnMap":{"0":{"name":"(empty-report)","decl":{"start":{"line":1,"column":339},"end":{"line":15,"column":-243}},"loc":{"start":{"line":1,"column":339},"end":{"line":15,"column":-243}},"line":1}},"f":{"0":0}}
,"C:\\Edstem\\capstone\\shopping-list\\src\\store.js": {"path":"C:\\Edstem\\capstone\\shopping-list\\src\\store.js","all":true,"statementMap":{"0":{"start":{"line":1,"column":0},"end":{"line":1,"column":50}},"1":{"start":{"line":2,"column":0},"end":{"line":2,"column":60}},"2":{"start":{"line":3,"column":0},"end":{"line":3,"column":44}},"3":{"start":{"line":4,"column":0},"end":{"line":4,"column":52}},"4":{"start":{"line":5,"column":0},"end":{"line":5,"column":0}},"5":{"start":{"line":6,"column":0},"end":{"line":6,"column":30}},"6":{"start":{"line":7,"column":0},"end":{"line":7,"column":12}},"7":{"start":{"line":8,"column":0},"end":{"line":8,"column":38}},"8":{"start":{"line":9,"column":0},"end":{"line":9,"column":22}},"9":{"start":{"line":10,"column":0},"end":{"line":10,"column":30}},"10":{"start":{"line":11,"column":0},"end":{"line":11,"column":4}},"11":{"start":{"line":12,"column":0},"end":{"line":12,"column":3}},"12":{"start":{"line":13,"column":0},"end":{"line":13,"column":0}},"13":{"start":{"line":14,"column":0},"end":{"line":14,"column":21}}},"s":{"0":0,"1":0,"2":0,"3":0,"4":0,"5":0,"6":0,"7":0,"8":0,"9":0,"10":0,"11":0,"12":0,"13":0},"branchMap":{"0":{"type":"branch","line":1,"loc":{"start":{"line":1,"column":392},"end":{"line":14,"column":21}},"locations":[{"start":{"line":1,"column":392},"end":{"line":14,"column":21}}]}},"b":{"0":[0]},"fnMap":{"0":{"name":"(empty-report)","decl":{"start":{"line":1,"column":392},"end":{"line":14,"column":21}},"loc":{"start":{"line":1,"column":392},"end":{"line":14,"column":21}},"line":1}},"f":{"0":0}}
,"C:\\Edstem\\capstone\\shopping-list\\src\\components\\BackgroundLayout.jsx": {"path":"C:\\Edstem\\capstone\\shopping-list\\src\\components\\BackgroundLayout.jsx","all":false,"statementMap":{"0":{"start":{"line":1,"column":0},"end":{"line":1,"column":26}},"2":{"start":{"line":3,"column":0},"end":{"line":3,"column":53}},"3":{"start":{"line":4,"column":0},"end":{"line":4,"column":10}},"4":{"start":{"line":5,"column":0},"end":{"line":5,"column":8}},"5":{"start":{"line":6,"column":0},"end":{"line":6,"column":69}},"6":{"start":{"line":7,"column":0},"end":{"line":7,"column":52}},"8":{"start":{"line":9,"column":0},"end":{"line":9,"column":90}},"9":{"start":{"line":10,"column":0},"end":{"line":10,"column":53}},"10":{"start":{"line":11,"column":0},"end":{"line":11,"column":10}},"12":{"start":{"line":13,"column":0},"end":{"line":13,"column":2}},"14":{"start":{"line":15,"column":0},"end":{"line":15,"column":32}}},"s":{"0":1,"2":1,"3":2,"4":2,"5":2,"6":2,"8":2,"9":2,"10":2,"12":2,"14":1},"branchMap":{"0":{"type":"branch","line":3,"loc":{"start":{"line":3,"column":25},"end":{"line":13,"column":2}},"locations":[{"start":{"line":3,"column":25},"end":{"line":13,"column":2}}]}},"b":{"0":[2]},"fnMap":{"0":{"name":"BackgroundLayout","decl":{"start":{"line":3,"column":25},"end":{"line":13,"column":2}},"loc":{"start":{"line":3,"column":25},"end":{"line":13,"column":2}},"line":3}},"f":{"0":2}}
,"C:\\Edstem\\capstone\\shopping-list\\src\\components\\Header.jsx": {"path":"C:\\Edstem\\capstone\\shopping-list\\src\\components\\Header.jsx","all":false,"statementMap":{"0":{"start":{"line":1,"column":0},"end":{"line":1,"column":26}},"1":{"start":{"line":2,"column":0},"end":{"line":2,"column":65}},"2":{"start":{"line":3,"column":0},"end":{"line":3,"column":59}},"3":{"start":{"line":4,"column":0},"end":{"line":4,"column":47}},"4":{"start":{"line":5,"column":0},"end":{"line":5,"column":55}},"5":{"start":{"line":6,"column":0},"end":{"line":6,"column":51}},"7":{"start":{"line":8,"column":0},"end":{"line":8,"column":19}},"8":{"start":{"line":9,"column":0},"end":{"line":9,"column":33}},"9":{"start":{"line":10,"column":0},"end":{"line":10,"column":33}},"10":{"start":{"line":11,"column":0},"end":{"line":11,"column":55}},"11":{"start":{"line":12,"column":0},"end":{"line":12,"column":77}},"13":{"start":{"line":14,"column":0},"end":{"line":14,"column":30}},"14":{"start":{"line":15,"column":0},"end":{"line":15,"column":30}},"15":{"start":{"line":16,"column":0},"end":{"line":16,"column":23}},"16":{"start":{"line":17,"column":0},"end":{"line":17,"column":4}},"18":{"start":{"line":19,"column":0},"end":{"line":19,"column":10}},"19":{"start":{"line":20,"column":0},"end":{"line":20,"column":9}},"20":{"start":{"line":21,"column":0},"end":{"line":21,"column":63}},"21":{"start":{"line":22,"column":0},"end":{"line":22,"column":16}},"22":{"start":{"line":23,"column":0},"end":{"line":23,"column":36}},"23":{"start":{"line":24,"column":0},"end":{"line":24,"column":15}},"24":{"start":{"line":25,"column":0},"end":{"line":25,"column":40}},"25":{"start":{"line":26,"column":0},"end":{"line":26,"column":19}},"26":{"start":{"line":27,"column":0},"end":{"line":27,"column":56}},"28":{"start":{"line":29,"column":0},"end":{"line":29,"column":18}},"29":{"start":{"line":30,"column":0},"end":{"line":30,"column":46}},"30":{"start":{"line":31,"column":0},"end":{"line":31,"column":75}},"32":{"start":{"line":33,"column":0},"end":{"line":33,"column":34}},"33":{"start":{"line":34,"column":0},"end":{"line":34,"column":80}},"35":{"start":{"line":36,"column":0},"end":{"line":36,"column":25}},"37":{"start":{"line":38,"column":0},"end":{"line":38,"column":23}},"38":{"start":{"line":39,"column":0},"end":{"line":39,"column":52}},"39":{"start":{"line":40,"column":0},"end":{"line":40,"column":50}},"40":{"start":{"line":41,"column":0},"end":{"line":41,"column":17}},"42":{"start":{"line":43,"column":0},"end":{"line":43,"column":25}},"44":{"start":{"line":45,"column":0},"end":{"line":45,"column":18}},"45":{"start":{"line":46,"column":0},"end":{"line":46,"column":16}},"46":{"start":{"line":47,"column":0},"end":{"line":47,"column":14}},"47":{"start":{"line":48,"column":0},"end":{"line":48,"column":12}},"48":{"start":{"line":49,"column":0},"end":{"line":49,"column":10}},"50":{"start":{"line":51,"column":0},"end":{"line":51,"column":1}},"52":{"start":{"line":53,"column":0},"end":{"line":53,"column":22}}},"s":{"0":1,"1":1,"2":1,"3":1,"4":1,"5":1,"7":4,"8":4,"9":4,"10":4,"11":4,"13":4,"14":1,"15":1,"16":1,"18":4,"19":4,"20":4,"21":4,"22":4,"23":4,"24":4,"25":4,"26":4,"28":4,"29":4,"30":4,"32":4,"33":3,"35":3,"37":1,"38":1,"39":1,"40":1,"42":1,"44":4,"45":4,"46":4,"47":4,"48":4,"50":4,"52":1},"branchMap":{"0":{"type":"branch","line":8,"loc":{"start":{"line":8,"column":0},"end":{"line":51,"column":1}},"locations":[{"start":{"line":8,"column":0},"end":{"line":51,"column":1}}]},"1":{"type":"branch","line":27,"loc":{"start":{"line":27,"column":24},"end":{"line":27,"column":43}},"locations":[{"start":{"line":27,"column":24},"end":{"line":27,"column":43}}]},"2":{"type":"branch","line":27,"loc":{"start":{"line":27,"column":36},"end":{"line":27,"column":52}},"locations":[{"start":{"line":27,"column":36},"end":{"line":27,"column":52}}]},"3":{"type":"branch","line":33,"loc":{"start":{"line":33,"column":15},"end":{"line":36,"column":25}},"locations":[{"start":{"line":33,"column":15},"end":{"line":36,"column":25}}]},"4":{"type":"branch","line":36,"loc":{"start":{"line":36,"column":16},"end":{"line":43,"column":25}},"locations":[{"start":{"line":36,"column":16},"end":{"line":43,"column":25}}]},"5":{"type":"branch","line":11,"loc":{"start":{"line":11,"column":27},"end":{"line":11,"column":53}},"locations":[{"start":{"line":11,"column":27},"end":{"line":11,"column":53}}]},"6":{"type":"branch","line":12,"loc":{"start":{"line":12,"column":38},"end":{"line":12,"column":75}},"locations":[{"start":{"line":12,"column":38},"end":{"line":12,"column":75}}]},"7":{"type":"branch","line":14,"loc":{"start":{"line":14,"column":23},"end":{"line":17,"column":4}},"locations":[{"start":{"line":14,"column":23},"end":{"line":17,"column":4}}]},"8":{"type":"branch","line":39,"loc":{"start":{"line":39,"column":27},"end":{"line":39,"column":52}},"locations":[{"start":{"line":39,"column":27},"end":{"line":39,"column":52}}]}},"b":{"0":[4],"1":[3],"2":[1],"3":[3],"4":[1],"5":[8],"6":[8],"7":[1],"8":[1]},"fnMap":{"0":{"name":"NavBar","decl":{"start":{"line":8,"column":0},"end":{"line":51,"column":1}},"loc":{"start":{"line":8,"column":0},"end":{"line":51,"column":1}},"line":8},"1":{"name":"handleLogout","decl":{"start":{"line":14,"column":23},"end":{"line":17,"column":4}},"loc":{"start":{"line":14,"column":23},"end":{"line":17,"column":4}},"line":14},"2":{"name":"onClick","decl":{"start":{"line":39,"column":27},"end":{"line":39,"column":52}},"loc":{"start":{"line":39,"column":27},"end":{"line":39,"column":52}},"line":39}},"f":{"0":4,"1":1,"2":1}}
,"C:\\Edstem\\capstone\\shopping-list\\src\\components\\Logo.jsx": {"path":"C:\\Edstem\\capstone\\shopping-list\\src\\components\\Logo.jsx","all":false,"statementMap":{"0":{"start":{"line":1,"column":0},"end":{"line":1,"column":65}},"1":{"start":{"line":2,"column":0},"end":{"line":2,"column":63}},"2":{"start":{"line":3,"column":0},"end":{"line":3,"column":40}},"4":{"start":{"line":5,"column":0},"end":{"line":5,"column":20}},"5":{"start":{"line":6,"column":0},"end":{"line":6,"column":10}},"6":{"start":{"line":7,"column":0},"end":{"line":7,"column":54}},"7":{"start":{"line":8,"column":0},"end":{"line":8,"column":22}},"8":{"start":{"line":9,"column":0},"end":{"line":9,"column":25}},"9":{"start":{"line":10,"column":0},"end":{"line":10,"column":50}},"10":{"start":{"line":11,"column":0},"end":{"line":11,"column":8}},"11":{"start":{"line":12,"column":0},"end":{"line":12,"column":82}},"12":{"start":{"line":13,"column":0},"end":{"line":13,"column":11}},"14":{"start":{"line":15,"column":0},"end":{"line":15,"column":2}},"16":{"start":{"line":17,"column":0},"end":{"line":17,"column":20}}},"s":{"0":1,"1":1,"2":1,"4":1,"5":16,"6":16,"7":16,"8":16,"9":16,"10":16,"11":16,"12":16,"14":16,"16":1},"branchMap":{"0":{"type":"branch","line":5,"loc":{"start":{"line":5,"column":13},"end":{"line":15,"column":2}},"locations":[{"start":{"line":5,"column":13},"end":{"line":15,"column":2}}]}},"b":{"0":[16]},"fnMap":{"0":{"name":"Logo","decl":{"start":{"line":5,"column":13},"end":{"line":15,"column":2}},"loc":{"start":{"line":5,"column":13},"end":{"line":15,"column":2}},"line":5}},"f":{"0":16}}
,"C:\\Edstem\\capstone\\shopping-list\\src\\components\\ProtectedRoute.jsx": {"path":"C:\\Edstem\\capstone\\shopping-list\\src\\components\\ProtectedRoute.jsx","all":false,"statementMap":{"0":{"start":{"line":1,"column":0},"end":{"line":1,"column":26}},"1":{"start":{"line":2,"column":0},"end":{"line":2,"column":44}},"2":{"start":{"line":3,"column":0},"end":{"line":3,"column":42}},"3":{"start":{"line":4,"column":0},"end":{"line":4,"column":50}},"4":{"start":{"line":5,"column":0},"end":{"line":5,"column":30}},"6":{"start":{"line":7,"column":0},"end":{"line":7,"column":39}},"7":{"start":{"line":8,"column":0},"end":{"line":8,"column":77}},"9":{"start":{"line":10,"column":0},"end":{"line":10,"column":25}},"10":{"start":{"line":11,"column":0},"end":{"line":11,"column":44}},"11":{"start":{"line":12,"column":0},"end":{"line":12,"column":3}},"13":{"start":{"line":14,"column":0},"end":{"line":14,"column":10}},"14":{"start":{"line":15,"column":0},"end":{"line":15,"column":48}},"15":{"start":{"line":16,"column":0},"end":{"line":16,"column":16}},"16":{"start":{"line":17,"column":0},"end":{"line":17,"column":16}},"17":{"start":{"line":18,"column":0},"end":{"line":18,"column":23}},"19":{"start":{"line":20,"column":0},"end":{"line":20,"column":1}},"21":{"start":{"line":22,"column":0},"end":{"line":22,"column":30}}},"s":{"0":1,"1":1,"2":1,"3":1,"4":1,"6":2,"7":2,"9":2,"10":1,"11":1,"13":1,"14":1,"15":1,"16":1,"17":1,"19":1,"21":1},"branchMap":{"0":{"type":"branch","line":7,"loc":{"start":{"line":7,"column":0},"end":{"line":20,"column":1}},"locations":[{"start":{"line":7,"column":0},"end":{"line":20,"column":1}}]},"1":{"type":"branch","line":10,"loc":{"start":{"line":10,"column":24},"end":{"line":20,"column":1}},"locations":[{"start":{"line":10,"column":24},"end":{"line":20,"column":1}}]},"2":{"type":"branch","line":8,"loc":{"start":{"line":8,"column":38},"end":{"line":8,"column":75}},"locations":[{"start":{"line":8,"column":38},"end":{"line":8,"column":75}}]}},"b":{"0":[2],"1":[1],"2":[4]},"fnMap":{"0":{"name":"ProtectedRoute","decl":{"start":{"line":7,"column":0},"end":{"line":20,"column":1}},"loc":{"start":{"line":7,"column":0},"end":{"line":20,"column":1}},"line":7}},"f":{"0":2}}
,"C:\\Edstem\\capstone\\shopping-list\\src\\pages\\AddList.jsx": {"path":"C:\\Edstem\\capstone\\shopping-list\\src\\pages\\AddList.jsx","all":false,"statementMap":{"0":{"start":{"line":1,"column":0},"end":{"line":1,"column":44}},"1":{"start":{"line":2,"column":0},"end":{"line":2,"column":65}},"2":{"start":{"line":3,"column":0},"end":{"line":3,"column":64}},"3":{"start":{"line":4,"column":0},"end":{"line":4,"column":47}},"4":{"start":{"line":5,"column":0},"end":{"line":5,"column":55}},"5":{"start":{"line":6,"column":0},"end":{"line":6,"column":31}},"6":{"start":{"line":7,"column":0},"end":{"line":7,"column":61}},"7":{"start":{"line":8,"column":0},"end":{"line":8,"column":50}},"9":{"start":{"line":10,"column":0},"end":{"line":10,"column":20}},"10":{"start":{"line":11,"column":0},"end":{"line":11,"column":33}},"11":{"start":{"line":12,"column":0},"end":{"line":12,"column":33}},"12":{"start":{"line":13,"column":0},"end":{"line":13,"column":47}},"13":{"start":{"line":14,"column":0},"end":{"line":14,"column":55}},"14":{"start":{"line":15,"column":0},"end":{"line":15,"column":47}},"15":{"start":{"line":16,"column":0},"end":{"line":16,"column":47}},"16":{"start":{"line":17,"column":0},"end":{"line":17,"column":41}},"17":{"start":{"line":18,"column":0},"end":{"line":18,"column":71}},"18":{"start":{"line":19,"column":0},"end":{"line":19,"column":50}},"19":{"start":{"line":20,"column":0},"end":{"line":20,"column":26}},"20":{"start":{"line":21,"column":0},"end":{"line":21,"column":71}},"22":{"start":{"line":23,"column":0},"end":{"line":23,"column":19}},"23":{"start":{"line":24,"column":0},"end":{"line":24,"column":19}},"24":{"start":{"line":25,"column":0},"end":{"line":25,"column":34}},"25":{"start":{"line":26,"column":0},"end":{"line":26,"column":5}},"26":{"start":{"line":27,"column":0},"end":{"line":27,"column":17}},"28":{"start":{"line":29,"column":0},"end":{"line":29,"column":29}},"29":{"start":{"line":30,"column":0},"end":{"line":30,"column":29}},"30":{"start":{"line":31,"column":0},"end":{"line":31,"column":3}},"32":{"start":{"line":33,"column":0},"end":{"line":33,"column":28}},"33":{"start":{"line":34,"column":0},"end":{"line":34,"column":58}},"34":{"start":{"line":35,"column":0},"end":{"line":35,"column":3}},"36":{"start":{"line":37,"column":0},"end":{"line":37,"column":66}},"38":{"start":{"line":39,"column":0},"end":{"line":39,"column":31}},"39":{"start":{"line":40,"column":0},"end":{"line":40,"column":47}},"40":{"start":{"line":41,"column":0},"end":{"line":41,"column":17}},"41":{"start":{"line":42,"column":0},"end":{"line":42,"column":24}},"42":{"start":{"line":43,"column":0},"end":{"line":43,"column":32}},"43":{"start":{"line":44,"column":0},"end":{"line":44,"column":57}},"44":{"start":{"line":45,"column":0},"end":{"line":45,"column":33}},"45":{"start":{"line":46,"column":0},"end":{"line":46,"column":9}},"46":{"start":{"line":47,"column":0},"end":{"line":47,"column":13}},"47":{"start":{"line":48,"column":0},"end":{"line":48,"column":5}},"49":{"start":{"line":50,"column":0},"end":{"line":50,"column":49}},"50":{"start":{"line":51,"column":0},"end":{"line":51,"column":20}},"51":{"start":{"line":52,"column":0},"end":{"line":52,"column":20}},"52":{"start":{"line":53,"column":0},"end":{"line":53,"column":4}},"54":{"start":{"line":55,"column":0},"end":{"line":55,"column":38}},"55":{"start":{"line":56,"column":0},"end":{"line":56,"column":51}},"56":{"start":{"line":57,"column":0},"end":{"line":57,"column":17}},"57":{"start":{"line":58,"column":0},"end":{"line":58,"column":24}},"58":{"start":{"line":59,"column":0},"end":{"line":59,"column":37}},"59":{"start":{"line":60,"column":0},"end":{"line":60,"column":55}},"60":{"start":{"line":61,"column":0},"end":{"line":61,"column":33}},"61":{"start":{"line":62,"column":0},"end":{"line":62,"column":9}},"62":{"start":{"line":63,"column":0},"end":{"line":63,"column":13}},"63":{"start":{"line":64,"column":0},"end":{"line":64,"column":5}},"65":{"start":{"line":66,"column":0},"end":{"line":66,"column":29}},"66":{"start":{"line":67,"column":0},"end":{"line":67,"column":17}},"67":{"start":{"line":68,"column":0},"end":{"line":68,"column":24}},"68":{"start":{"line":69,"column":0},"end":{"line":69,"column":32}},"69":{"start":{"line":70,"column":0},"end":{"line":70,"column":46}},"70":{"start":{"line":71,"column":0},"end":{"line":71,"column":33}},"71":{"start":{"line":72,"column":0},"end":{"line":72,"column":9}},"72":{"start":{"line":73,"column":0},"end":{"line":73,"column":13}},"73":{"start":{"line":74,"column":0},"end":{"line":74,"column":5}},"75":{"start":{"line":76,"column":0},"end":{"line":76,"column":29}},"76":{"start":{"line":77,"column":0},"end":{"line":77,"column":71}},"77":{"start":{"line":78,"column":0},"end":{"line":78,"column":60}},"79":{"start":{"line":80,"column":0},"end":{"line":80,"column":21}},"80":{"start":{"line":81,"column":0},"end":{"line":81,"column":21}},"81":{"start":{"line":82,"column":0},"end":{"line":82,"column":29}},"82":{"start":{"line":83,"column":0},"end":{"line":83,"column":24}},"83":{"start":{"line":84,"column":0},"end":{"line":84,"column":17}},"84":{"start":{"line":85,"column":0},"end":{"line":85,"column":19}},"85":{"start":{"line":86,"column":0},"end":{"line":86,"column":22}},"86":{"start":{"line":87,"column":0},"end":{"line":87,"column":6}},"88":{"start":{"line":89,"column":0},"end":{"line":89,"column":39}},"89":{"start":{"line":90,"column":0},"end":{"line":90,"column":15}},"90":{"start":{"line":91,"column":0},"end":{"line":91,"column":22}},"91":{"start":{"line":92,"column":0},"end":{"line":92,"column":24}},"92":{"start":{"line":93,"column":0},"end":{"line":93,"column":39}},"93":{"start":{"line":94,"column":0},"end":{"line":94,"column":31}},"94":{"start":{"line":95,"column":0},"end":{"line":95,"column":7}},"96":{"start":{"line":97,"column":0},"end":{"line":97,"column":22}},"97":{"start":{"line":98,"column":0},"end":{"line":98,"column":4}},"98":{"start":{"line":99,"column":0},"end":{"line":99,"column":35}},"99":{"start":{"line":100,"column":0},"end":{"line":100,"column":36}},"100":{"start":{"line":101,"column":0},"end":{"line":101,"column":34}},"101":{"start":{"line":102,"column":0},"end":{"line":102,"column":27}},"102":{"start":{"line":103,"column":0},"end":{"line":103,"column":4}},"103":{"start":{"line":104,"column":0},"end":{"line":104,"column":10}},"104":{"start":{"line":105,"column":0},"end":{"line":105,"column":9}},"105":{"start":{"line":106,"column":0},"end":{"line":106,"column":57}},"106":{"start":{"line":107,"column":0},"end":{"line":107,"column":61}},"107":{"start":{"line":108,"column":0},"end":{"line":108,"column":17}},"108":{"start":{"line":109,"column":0},"end":{"line":109,"column":40}},"109":{"start":{"line":110,"column":0},"end":{"line":110,"column":106}},"111":{"start":{"line":112,"column":0},"end":{"line":112,"column":50}},"113":{"start":{"line":114,"column":0},"end":{"line":114,"column":19}},"114":{"start":{"line":115,"column":0},"end":{"line":115,"column":14}},"115":{"start":{"line":116,"column":0},"end":{"line":116,"column":46}},"116":{"start":{"line":117,"column":0},"end":{"line":117,"column":17}},"117":{"start":{"line":118,"column":0},"end":{"line":118,"column":54}},"118":{"start":{"line":119,"column":0},"end":{"line":119,"column":104}},"119":{"start":{"line":120,"column":0},"end":{"line":120,"column":11}},"121":{"start":{"line":122,"column":0},"end":{"line":122,"column":19}},"122":{"start":{"line":123,"column":0},"end":{"line":123,"column":14}},"123":{"start":{"line":124,"column":0},"end":{"line":124,"column":12}},"124":{"start":{"line":125,"column":0},"end":{"line":125,"column":43}},"125":{"start":{"line":126,"column":0},"end":{"line":126,"column":95}},"126":{"start":{"line":127,"column":0},"end":{"line":127,"column":75}},"128":{"start":{"line":129,"column":0},"end":{"line":129,"column":65}},"129":{"start":{"line":130,"column":0},"end":{"line":130,"column":18}},"130":{"start":{"line":131,"column":0},"end":{"line":131,"column":25}},"131":{"start":{"line":132,"column":0},"end":{"line":132,"column":32}},"132":{"start":{"line":133,"column":0},"end":{"line":133,"column":30}},"133":{"start":{"line":134,"column":0},"end":{"line":134,"column":59}},"134":{"start":{"line":135,"column":0},"end":{"line":135,"column":145}},"135":{"start":{"line":136,"column":0},"end":{"line":136,"column":14}},"137":{"start":{"line":138,"column":0},"end":{"line":138,"column":19}},"138":{"start":{"line":139,"column":0},"end":{"line":139,"column":34}},"139":{"start":{"line":140,"column":0},"end":{"line":140,"column":63}},"140":{"start":{"line":141,"column":0},"end":{"line":141,"column":57}},"142":{"start":{"line":143,"column":0},"end":{"line":143,"column":55}},"143":{"start":{"line":144,"column":0},"end":{"line":144,"column":25}},"144":{"start":{"line":145,"column":0},"end":{"line":145,"column":56}},"145":{"start":{"line":146,"column":0},"end":{"line":146,"column":31}},"146":{"start":{"line":147,"column":0},"end":{"line":147,"column":58}},"147":{"start":{"line":148,"column":0},"end":{"line":148,"column":30}},"148":{"start":{"line":149,"column":0},"end":{"line":149,"column":27}},"149":{"start":{"line":150,"column":0},"end":{"line":150,"column":19}},"150":{"start":{"line":151,"column":0},"end":{"line":151,"column":21}},"151":{"start":{"line":152,"column":0},"end":{"line":152,"column":16}},"153":{"start":{"line":154,"column":0},"end":{"line":154,"column":32}},"154":{"start":{"line":155,"column":0},"end":{"line":155,"column":59}},"155":{"start":{"line":156,"column":0},"end":{"line":156,"column":42}},"156":{"start":{"line":157,"column":0},"end":{"line":157,"column":22}},"157":{"start":{"line":158,"column":0},"end":{"line":158,"column":31}},"158":{"start":{"line":159,"column":0},"end":{"line":159,"column":40}},"159":{"start":{"line":160,"column":0},"end":{"line":160,"column":34}},"160":{"start":{"line":161,"column":0},"end":{"line":161,"column":63}},"161":{"start":{"line":162,"column":0},"end":{"line":162,"column":149}},"162":{"start":{"line":163,"column":0},"end":{"line":163,"column":18}},"163":{"start":{"line":164,"column":0},"end":{"line":164,"column":22}},"164":{"start":{"line":165,"column":0},"end":{"line":165,"column":29}},"165":{"start":{"line":166,"column":0},"end":{"line":166,"column":55}},"166":{"start":{"line":167,"column":0},"end":{"line":167,"column":34}},"167":{"start":{"line":168,"column":0},"end":{"line":168,"column":63}},"168":{"start":{"line":169,"column":0},"end":{"line":169,"column":149}},"169":{"start":{"line":170,"column":0},"end":{"line":170,"column":18}},"170":{"start":{"line":171,"column":0},"end":{"line":171,"column":23}},"171":{"start":{"line":172,"column":0},"end":{"line":172,"column":41}},"172":{"start":{"line":173,"column":0},"end":{"line":173,"column":108}},"173":{"start":{"line":174,"column":0},"end":{"line":174,"column":17}},"175":{"start":{"line":176,"column":0},"end":{"line":176,"column":25}},"176":{"start":{"line":177,"column":0},"end":{"line":177,"column":20}},"178":{"start":{"line":179,"column":0},"end":{"line":179,"column":77}},"179":{"start":{"line":180,"column":0},"end":{"line":180,"column":45}},"180":{"start":{"line":181,"column":0},"end":{"line":181,"column":22}},"181":{"start":{"line":182,"column":0},"end":{"line":182,"column":31}},"182":{"start":{"line":183,"column":0},"end":{"line":183,"column":79}},"184":{"start":{"line":185,"column":0},"end":{"line":185,"column":107}},"185":{"start":{"line":186,"column":0},"end":{"line":186,"column":37}},"186":{"start":{"line":187,"column":0},"end":{"line":187,"column":26}},"187":{"start":{"line":188,"column":0},"end":{"line":188,"column":66}},"188":{"start":{"line":189,"column":0},"end":{"line":189,"column":107}},"189":{"start":{"line":190,"column":0},"end":{"line":190,"column":37}},"190":{"start":{"line":191,"column":0},"end":{"line":191,"column":26}},"192":{"start":{"line":193,"column":0},"end":{"line":193,"column":27}},"193":{"start":{"line":194,"column":0},"end":{"line":194,"column":124}},"194":{"start":{"line":195,"column":0},"end":{"line":195,"column":57}},"195":{"start":{"line":196,"column":0},"end":{"line":196,"column":21}},"197":{"start":{"line":198,"column":0},"end":{"line":198,"column":29}},"198":{"start":{"line":199,"column":0},"end":{"line":199,"column":24}},"199":{"start":{"line":200,"column":0},"end":{"line":200,"column":19}},"200":{"start":{"line":201,"column":0},"end":{"line":201,"column":20}},"202":{"start":{"line":203,"column":0},"end":{"line":203,"column":56}},"203":{"start":{"line":204,"column":0},"end":{"line":204,"column":23}},"204":{"start":{"line":205,"column":0},"end":{"line":205,"column":42}},"205":{"start":{"line":206,"column":0},"end":{"line":206,"column":103}},"206":{"start":{"line":207,"column":0},"end":{"line":207,"column":17}},"208":{"start":{"line":209,"column":0},"end":{"line":209,"column":25}},"209":{"start":{"line":210,"column":0},"end":{"line":210,"column":20}},"210":{"start":{"line":211,"column":0},"end":{"line":211,"column":18}},"212":{"start":{"line":213,"column":0},"end":{"line":213,"column":14}},"213":{"start":{"line":214,"column":0},"end":{"line":214,"column":12}},"214":{"start":{"line":215,"column":0},"end":{"line":215,"column":10}},"216":{"start":{"line":217,"column":0},"end":{"line":217,"column":1}},"218":{"start":{"line":219,"column":0},"end":{"line":219,"column":23}}},"s":{"0":1,"1":1,"2":1,"3":1,"4":1,"5":1,"6":1,"7":1,"9":16,"10":16,"11":16,"12":16,"13":16,"14":16,"15":16,"16":16,"17":16,"18":16,"19":16,"20":16,"22":16,"23":5,"24":5,"25":5,"26":16,"28":16,"29":0,"30":0,"32":16,"33":0,"34":0,"36":16,"38":16,"39":2,"40":1,"41":1,"42":1,"43":1,"44":1,"45":1,"46":1,"47":1,"49":1,"50":1,"51":1,"52":2,"54":16,"55":1,"56":0,"57":0,"58":0,"59":0,"60":0,"61":0,"62":0,"63":0,"65":1,"66":1,"67":1,"68":1,"69":1,"70":1,"71":1,"72":1,"73":1,"75":0,"76":0,"77":0,"79":0,"80":0,"81":0,"82":0,"83":0,"84":0,"85":0,"86":0,"88":0,"89":0,"90":0,"91":0,"92":0,"93":0,"94":0,"96":0,"97":1,"98":16,"99":0,"100":0,"101":0,"102":0,"103":16,"104":16,"105":16,"106":16,"107":16,"108":16,"109":16,"111":16,"113":16,"114":16,"115":16,"116":16,"117":16,"118":16,"119":16,"121":16,"122":16,"123":16,"124":16,"125":16,"126":16,"128":16,"129":16,"130":16,"131":16,"132":16,"133":16,"134":16,"135":16,"137":16,"138":16,"139":16,"140":16,"142":16,"143":16,"144":16,"145":16,"146":32,"147":32,"148":32,"149":16,"150":16,"151":16,"153":16,"154":7,"155":7,"156":7,"157":7,"158":7,"159":7,"160":7,"161":7,"162":7,"163":7,"164":7,"165":7,"166":7,"167":7,"168":7,"169":7,"170":7,"171":7,"172":7,"173":7,"175":7,"176":7,"178":7,"179":7,"180":1,"181":1,"182":1,"184":1,"185":1,"186":1,"187":1,"188":1,"189":1,"190":1,"192":1,"193":1,"194":1,"195":1,"197":1,"198":1,"199":7,"200":7,"202":7,"203":7,"204":7,"205":7,"206":7,"208":7,"209":7,"210":7,"212":16,"213":16,"214":16,"216":16,"218":1},"branchMap":{"0":{"type":"branch","line":10,"loc":{"start":{"line":10,"column":0},"end":{"line":217,"column":1}},"locations":[{"start":{"line":10,"column":0},"end":{"line":217,"column":1}}]},"1":{"type":"branch","line":29,"loc":{"start":{"line":29,"column":28},"end":{"line":31,"column":3}},"locations":[{"start":{"line":29,"column":28},"end":{"line":31,"column":3}}]},"2":{"type":"branch","line":33,"loc":{"start":{"line":33,"column":27},"end":{"line":35,"column":3}},"locations":[{"start":{"line":33,"column":27},"end":{"line":35,"column":3}}]},"3":{"type":"branch","line":37,"loc":{"start":{"line":37,"column":41},"end":{"line":37,"column":66}},"locations":[{"start":{"line":37,"column":41},"end":{"line":37,"column":66}}]},"4":{"type":"branch","line":154,"loc":{"start":{"line":154,"column":11},"end":{"line":211,"column":18}},"locations":[{"start":{"line":154,"column":11},"end":{"line":211,"column":18}}]},"5":{"type":"branch","line":18,"loc":{"start":{"line":18,"column":40},"end":{"line":18,"column":69}},"locations":[{"start":{"line":18,"column":40},"end":{"line":18,"column":69}}]},"6":{"type":"branch","line":19,"loc":{"start":{"line":19,"column":27},"end":{"line":19,"column":48}},"locations":[{"start":{"line":19,"column":27},"end":{"line":19,"column":48}}]},"7":{"type":"branch","line":21,"loc":{"start":{"line":21,"column":33},"end":{"line":21,"column":69}},"locations":[{"start":{"line":21,"column":33},"end":{"line":21,"column":69}}]},"8":{"type":"branch","line":23,"loc":{"start":{"line":23,"column":12},"end":{"line":27,"column":5}},"locations":[{"start":{"line":23,"column":12},"end":{"line":27,"column":5}}]},"9":{"type":"branch","line":39,"loc":{"start":{"line":39,"column":24},"end":{"line":53,"column":4}},"locations":[{"start":{"line":39,"column":24},"end":{"line":53,"column":4}}]},"10":{"type":"branch","line":40,"loc":{"start":{"line":40,"column":23},"end":{"line":40,"column":46}},"locations":[{"start":{"line":40,"column":23},"end":{"line":40,"column":46}}]},"11":{"type":"branch","line":40,"loc":{"start":{"line":40,"column":46},"end":{"line":52,"column":20}},"locations":[{"start":{"line":40,"column":46},"end":{"line":52,"column":20}}]},"12":{"type":"branch","line":55,"loc":{"start":{"line":55,"column":25},"end":{"line":98,"column":4}},"locations":[{"start":{"line":55,"column":25},"end":{"line":98,"column":4}}]},"13":{"type":"branch","line":56,"loc":{"start":{"line":56,"column":50},"end":{"line":64,"column":5}},"locations":[{"start":{"line":56,"column":50},"end":{"line":64,"column":5}}]},"14":{"type":"branch","line":74,"loc":{"start":{"line":74,"column":4},"end":{"line":97,"column":22}},"locations":[{"start":{"line":74,"column":4},"end":{"line":97,"column":22}}]},"15":{"type":"branch","line":134,"loc":{"start":{"line":134,"column":24},"end":{"line":134,"column":59}},"locations":[{"start":{"line":134,"column":24},"end":{"line":134,"column":59}}]},"16":{"type":"branch","line":140,"loc":{"start":{"line":140,"column":24},"end":{"line":140,"column":63}},"locations":[{"start":{"line":140,"column":24},"end":{"line":140,"column":63}}]},"17":{"type":"branch","line":145,"loc":{"start":{"line":145,"column":24},"end":{"line":145,"column":55}},"locations":[{"start":{"line":145,"column":24},"end":{"line":145,"column":55}}]},"18":{"type":"branch","line":146,"loc":{"start":{"line":146,"column":21},"end":{"line":149,"column":27}},"locations":[{"start":{"line":146,"column":21},"end":{"line":149,"column":27}}]},"19":{"type":"branch","line":161,"loc":{"start":{"line":161,"column":28},"end":{"line":161,"column":63}},"locations":[{"start":{"line":161,"column":28},"end":{"line":161,"column":63}}]},"20":{"type":"branch","line":168,"loc":{"start":{"line":168,"column":28},"end":{"line":168,"column":63}},"locations":[{"start":{"line":168,"column":28},"end":{"line":168,"column":63}}]},"21":{"type":"branch","line":180,"loc":{"start":{"line":180,"column":27},"end":{"line":199,"column":24}},"locations":[{"start":{"line":180,"column":27},"end":{"line":199,"column":24}}]}},"b":{"0":[16],"1":[0],"2":[0],"3":[11],"4":[7],"5":[21],"6":[21],"7":[21],"8":[5],"9":[2],"10":[1],"11":[1],"12":[1],"13":[0],"14":[0],"15":[4],"16":[4],"17":[32],"18":[32],"19":[1],"20":[1],"21":[1]},"fnMap":{"0":{"name":"AddList","decl":{"start":{"line":10,"column":0},"end":{"line":217,"column":1}},"loc":{"start":{"line":10,"column":0},"end":{"line":217,"column":1}},"line":10},"1":{"name":"handleAddItem","decl":{"start":{"line":39,"column":24},"end":{"line":53,"column":4}},"loc":{"start":{"line":39,"column":24},"end":{"line":53,"column":4}},"line":39},"2":{"name":"handleSaveList","decl":{"start":{"line":55,"column":25},"end":{"line":98,"column":4}},"loc":{"start":{"line":55,"column":25},"end":{"line":98,"column":4}},"line":55},"3":{"name":"handleRemove","decl":{"start":{"line":99,"column":23},"end":{"line":103,"column":4}},"loc":{"start":{"line":99,"column":23},"end":{"line":103,"column":4}},"line":99},"4":{"name":"onClick","decl":{"start":{"line":109,"column":21},"end":{"line":109,"column":40}},"loc":{"start":{"line":109,"column":21},"end":{"line":109,"column":40}},"line":109},"5":{"name":"onClick","decl":{"start":{"line":118,"column":21},"end":{"line":118,"column":54}},"loc":{"start":{"line":118,"column":21},"end":{"line":118,"column":54}},"line":118},"6":{"name":"onChange","decl":{"start":{"line":134,"column":24},"end":{"line":134,"column":59}},"loc":{"start":{"line":134,"column":24},"end":{"line":134,"column":59}},"line":134},"7":{"name":"onChange","decl":{"start":{"line":140,"column":24},"end":{"line":140,"column":63}},"loc":{"start":{"line":140,"column":24},"end":{"line":140,"column":63}},"line":140},"8":{"name":"onChange","decl":{"start":{"line":161,"column":28},"end":{"line":161,"column":63}},"loc":{"start":{"line":161,"column":28},"end":{"line":161,"column":63}},"line":161},"9":{"name":"onChange","decl":{"start":{"line":168,"column":28},"end":{"line":168,"column":63}},"loc":{"start":{"line":168,"column":28},"end":{"line":168,"column":63}},"line":168},"10":{"name":"onClick","decl":{"start":{"line":195,"column":31},"end":{"line":195,"column":57}},"loc":{"start":{"line":195,"column":31},"end":{"line":195,"column":57}},"line":195}},"f":{"0":16,"1":2,"2":1,"3":0,"4":0,"5":0,"6":4,"7":4,"8":1,"9":1,"10":0}}
,"C:\\Edstem\\capstone\\shopping-list\\src\\pages\\Category.jsx": {"path":"C:\\Edstem\\capstone\\shopping-list\\src\\pages\\Category.jsx","all":false,"statementMap":{"0":{"start":{"line":1,"column":0},"end":{"line":1,"column":65}},"1":{"start":{"line":2,"column":0},"end":{"line":2,"column":64}},"2":{"start":{"line":3,"column":0},"end":{"line":3,"column":44}},"3":{"start":{"line":4,"column":0},"end":{"line":4,"column":55}},"4":{"start":{"line":5,"column":0},"end":{"line":5,"column":8}},"12":{"start":{"line":13,"column":0},"end":{"line":13,"column":47}},"13":{"start":{"line":14,"column":0},"end":{"line":14,"column":31}},"15":{"start":{"line":16,"column":0},"end":{"line":16,"column":21}},"16":{"start":{"line":17,"column":0},"end":{"line":17,"column":33}},"17":{"start":{"line":18,"column":0},"end":{"line":18,"column":33}},"18":{"start":{"line":19,"column":0},"end":{"line":19,"column":68}},"19":{"start":{"line":20,"column":0},"end":{"line":20,"column":29}},"20":{"start":{"line":21,"column":0},"end":{"line":21,"column":4}},"22":{"start":{"line":23,"column":0},"end":{"line":23,"column":62}},"24":{"start":{"line":25,"column":0},"end":{"line":25,"column":51}},"25":{"start":{"line":26,"column":0},"end":{"line":26,"column":71}},"27":{"start":{"line":28,"column":0},"end":{"line":28,"column":19}},"28":{"start":{"line":29,"column":0},"end":{"line":29,"column":26}},"29":{"start":{"line":30,"column":0},"end":{"line":30,"column":41}},"30":{"start":{"line":31,"column":0},"end":{"line":31,"column":5}},"31":{"start":{"line":32,"column":0},"end":{"line":32,"column":30}},"33":{"start":{"line":34,"column":0},"end":{"line":34,"column":29}},"34":{"start":{"line":35,"column":0},"end":{"line":35,"column":29}},"35":{"start":{"line":36,"column":0},"end":{"line":36,"column":3}},"37":{"start":{"line":38,"column":0},"end":{"line":38,"column":28}},"38":{"start":{"line":39,"column":0},"end":{"line":39,"column":58}},"39":{"start":{"line":40,"column":0},"end":{"line":40,"column":3}},"41":{"start":{"line":42,"column":0},"end":{"line":42,"column":27}},"42":{"start":{"line":43,"column":0},"end":{"line":43,"column":26}},"43":{"start":{"line":44,"column":0},"end":{"line":44,"column":69}},"44":{"start":{"line":45,"column":0},"end":{"line":45,"column":41}},"45":{"start":{"line":46,"column":0},"end":{"line":46,"column":32}},"46":{"start":{"line":47,"column":0},"end":{"line":47,"column":28}},"48":{"start":{"line":49,"column":0},"end":{"line":49,"column":17}},"49":{"start":{"line":50,"column":0},"end":{"line":50,"column":24}},"50":{"start":{"line":51,"column":0},"end":{"line":51,"column":26}},"51":{"start":{"line":52,"column":0},"end":{"line":52,"column":45}},"52":{"start":{"line":53,"column":0},"end":{"line":53,"column":33}},"53":{"start":{"line":54,"column":0},"end":{"line":54,"column":30}},"54":{"start":{"line":55,"column":0},"end":{"line":55,"column":33}},"55":{"start":{"line":56,"column":0},"end":{"line":56,"column":29}},"56":{"start":{"line":57,"column":0},"end":{"line":57,"column":9}},"57":{"start":{"line":58,"column":0},"end":{"line":58,"column":12}},"58":{"start":{"line":59,"column":0},"end":{"line":59,"column":17}},"59":{"start":{"line":60,"column":0},"end":{"line":60,"column":22}},"60":{"start":{"line":61,"column":0},"end":{"line":61,"column":34}},"61":{"start":{"line":62,"column":0},"end":{"line":62,"column":47}},"62":{"start":{"line":63,"column":0},"end":{"line":63,"column":32}},"63":{"start":{"line":64,"column":0},"end":{"line":64,"column":9}},"64":{"start":{"line":65,"column":0},"end":{"line":65,"column":5}},"65":{"start":{"line":66,"column":0},"end":{"line":66,"column":4}},"67":{"start":{"line":68,"column":0},"end":{"line":68,"column":32}},"68":{"start":{"line":69,"column":0},"end":{"line":69,"column":33}},"69":{"start":{"line":70,"column":0},"end":{"line":70,"column":4}},"71":{"start":{"line":72,"column":0},"end":{"line":72,"column":10}},"72":{"start":{"line":73,"column":0},"end":{"line":73,"column":9}},"73":{"start":{"line":74,"column":0},"end":{"line":74,"column":66}},"74":{"start":{"line":75,"column":0},"end":{"line":75,"column":15}},"75":{"start":{"line":76,"column":0},"end":{"line":76,"column":38}},"76":{"start":{"line":77,"column":0},"end":{"line":77,"column":104}},"78":{"start":{"line":79,"column":0},"end":{"line":79,"column":48}},"80":{"start":{"line":81,"column":0},"end":{"line":81,"column":17}},"81":{"start":{"line":82,"column":0},"end":{"line":82,"column":12}},"82":{"start":{"line":83,"column":0},"end":{"line":83,"column":43}},"83":{"start":{"line":84,"column":0},"end":{"line":84,"column":59}},"84":{"start":{"line":85,"column":0},"end":{"line":85,"column":76}},"85":{"start":{"line":86,"column":0},"end":{"line":86,"column":96}},"86":{"start":{"line":87,"column":0},"end":{"line":87,"column":18}},"87":{"start":{"line":88,"column":0},"end":{"line":88,"column":25}},"88":{"start":{"line":89,"column":0},"end":{"line":89,"column":32}},"89":{"start":{"line":90,"column":0},"end":{"line":90,"column":26}},"90":{"start":{"line":91,"column":0},"end":{"line":91,"column":65}},"91":{"start":{"line":92,"column":0},"end":{"line":92,"column":145}},"92":{"start":{"line":93,"column":0},"end":{"line":93,"column":14}},"93":{"start":{"line":94,"column":0},"end":{"line":94,"column":18}},"94":{"start":{"line":95,"column":0},"end":{"line":95,"column":25}},"95":{"start":{"line":96,"column":0},"end":{"line":96,"column":32}},"96":{"start":{"line":97,"column":0},"end":{"line":97,"column":30}},"97":{"start":{"line":98,"column":0},"end":{"line":98,"column":69}},"98":{"start":{"line":99,"column":0},"end":{"line":99,"column":143}},"99":{"start":{"line":100,"column":0},"end":{"line":100,"column":14}},"100":{"start":{"line":101,"column":0},"end":{"line":101,"column":19}},"101":{"start":{"line":102,"column":0},"end":{"line":102,"column":33}},"102":{"start":{"line":103,"column":0},"end":{"line":103,"column":25}},"111":{"start":{"line":112,"column":0},"end":{"line":112,"column":13}},"113":{"start":{"line":114,"column":0},"end":{"line":114,"column":21}},"114":{"start":{"line":115,"column":0},"end":{"line":115,"column":16}},"115":{"start":{"line":116,"column":0},"end":{"line":116,"column":36}},"116":{"start":{"line":117,"column":0},"end":{"line":117,"column":44}},"117":{"start":{"line":118,"column":0},"end":{"line":118,"column":86}},"119":{"start":{"line":120,"column":0},"end":{"line":120,"column":20}},"120":{"start":{"line":121,"column":0},"end":{"line":121,"column":86}},"122":{"start":{"line":123,"column":0},"end":{"line":123,"column":20}},"123":{"start":{"line":124,"column":0},"end":{"line":124,"column":17}},"124":{"start":{"line":125,"column":0},"end":{"line":125,"column":23}},"125":{"start":{"line":126,"column":0},"end":{"line":126,"column":61}},"126":{"start":{"line":127,"column":0},"end":{"line":127,"column":36}},"127":{"start":{"line":128,"column":0},"end":{"line":128,"column":60}},"128":{"start":{"line":129,"column":0},"end":{"line":129,"column":42}},"129":{"start":{"line":130,"column":0},"end":{"line":130,"column":22}},"130":{"start":{"line":131,"column":0},"end":{"line":131,"column":28}},"131":{"start":{"line":132,"column":0},"end":{"line":132,"column":35}},"132":{"start":{"line":133,"column":0},"end":{"line":133,"column":45}},"133":{"start":{"line":134,"column":0},"end":{"line":134,"column":40}},"134":{"start":{"line":135,"column":0},"end":{"line":135,"column":76}},"136":{"start":{"line":137,"column":0},"end":{"line":137,"column":106}},"137":{"start":{"line":138,"column":0},"end":{"line":138,"column":24}},"138":{"start":{"line":139,"column":0},"end":{"line":139,"column":28}},"139":{"start":{"line":140,"column":0},"end":{"line":140,"column":35}},"140":{"start":{"line":141,"column":0},"end":{"line":141,"column":49}},"141":{"start":{"line":142,"column":0},"end":{"line":142,"column":40}},"142":{"start":{"line":143,"column":0},"end":{"line":143,"column":80}},"144":{"start":{"line":145,"column":0},"end":{"line":145,"column":106}},"145":{"start":{"line":146,"column":0},"end":{"line":146,"column":24}},"146":{"start":{"line":147,"column":0},"end":{"line":147,"column":77}},"147":{"start":{"line":148,"column":0},"end":{"line":148,"column":31}},"148":{"start":{"line":149,"column":0},"end":{"line":149,"column":42}},"149":{"start":{"line":150,"column":0},"end":{"line":150,"column":71}},"150":{"start":{"line":151,"column":0},"end":{"line":151,"column":42}},"151":{"start":{"line":152,"column":0},"end":{"line":152,"column":41}},"152":{"start":{"line":153,"column":0},"end":{"line":153,"column":31}},"153":{"start":{"line":154,"column":0},"end":{"line":154,"column":37}},"154":{"start":{"line":155,"column":0},"end":{"line":155,"column":73}},"155":{"start":{"line":156,"column":0},"end":{"line":156,"column":30}},"156":{"start":{"line":157,"column":0},"end":{"line":157,"column":47}},"157":{"start":{"line":158,"column":0},"end":{"line":158,"column":28}},"158":{"start":{"line":159,"column":0},"end":{"line":159,"column":145}},"159":{"start":{"line":160,"column":0},"end":{"line":160,"column":25}},"161":{"start":{"line":162,"column":0},"end":{"line":162,"column":33}},"162":{"start":{"line":163,"column":0},"end":{"line":163,"column":28}},"163":{"start":{"line":164,"column":0},"end":{"line":164,"column":23}},"165":{"start":{"line":166,"column":0},"end":{"line":166,"column":22}},"166":{"start":{"line":167,"column":0},"end":{"line":167,"column":28}},"167":{"start":{"line":168,"column":0},"end":{"line":168,"column":35}},"168":{"start":{"line":169,"column":0},"end":{"line":169,"column":32}},"169":{"start":{"line":170,"column":0},"end":{"line":170,"column":40}},"170":{"start":{"line":171,"column":0},"end":{"line":171,"column":106}},"171":{"start":{"line":172,"column":0},"end":{"line":172,"column":24}},"172":{"start":{"line":173,"column":0},"end":{"line":173,"column":28}},"173":{"start":{"line":174,"column":0},"end":{"line":174,"column":35}},"174":{"start":{"line":175,"column":0},"end":{"line":175,"column":32}},"175":{"start":{"line":176,"column":0},"end":{"line":176,"column":44}},"176":{"start":{"line":177,"column":0},"end":{"line":177,"column":106}},"177":{"start":{"line":178,"column":0},"end":{"line":178,"column":24}},"178":{"start":{"line":179,"column":0},"end":{"line":179,"column":29}},"179":{"start":{"line":180,"column":0},"end":{"line":180,"column":40}},"180":{"start":{"line":181,"column":0},"end":{"line":181,"column":46}},"181":{"start":{"line":182,"column":0},"end":{"line":182,"column":43}},"182":{"start":{"line":183,"column":0},"end":{"line":183,"column":26}},"183":{"start":{"line":184,"column":0},"end":{"line":184,"column":143}},"184":{"start":{"line":185,"column":0},"end":{"line":185,"column":23}},"186":{"start":{"line":187,"column":0},"end":{"line":187,"column":31}},"187":{"start":{"line":188,"column":0},"end":{"line":188,"column":29}},"188":{"start":{"line":189,"column":0},"end":{"line":189,"column":60}},"189":{"start":{"line":190,"column":0},"end":{"line":190,"column":141}},"190":{"start":{"line":191,"column":0},"end":{"line":191,"column":23}},"192":{"start":{"line":193,"column":0},"end":{"line":193,"column":31}},"193":{"start":{"line":194,"column":0},"end":{"line":194,"column":23}},"195":{"start":{"line":196,"column":0},"end":{"line":196,"column":21}},"196":{"start":{"line":197,"column":0},"end":{"line":197,"column":17}},"197":{"start":{"line":198,"column":0},"end":{"line":198,"column":15}},"198":{"start":{"line":199,"column":0},"end":{"line":199,"column":14}},"199":{"start":{"line":200,"column":0},"end":{"line":200,"column":12}},"200":{"start":{"line":201,"column":0},"end":{"line":201,"column":10}},"202":{"start":{"line":203,"column":0},"end":{"line":203,"column":1}},"204":{"start":{"line":205,"column":0},"end":{"line":205,"column":24}}},"s":{"0":1,"1":1,"2":1,"3":1,"4":1,"12":1,"13":1,"15":11,"16":11,"17":11,"18":11,"19":11,"20":11,"22":11,"24":11,"25":11,"27":11,"28":4,"29":4,"30":4,"31":11,"33":11,"34":0,"35":0,"37":11,"38":0,"39":0,"41":11,"42":2,"43":1,"44":1,"45":1,"46":1,"48":1,"49":1,"50":1,"51":1,"52":1,"53":1,"54":1,"55":1,"56":1,"57":1,"58":1,"59":1,"60":1,"61":1,"62":1,"63":1,"64":1,"65":2,"67":11,"68":0,"69":0,"71":11,"72":11,"73":11,"74":11,"75":11,"76":11,"78":11,"80":11,"81":11,"82":11,"83":11,"84":11,"85":11,"86":11,"87":11,"88":11,"89":11,"90":11,"91":11,"92":11,"93":11,"94":11,"95":11,"96":11,"97":11,"98":11,"99":11,"100":11,"101":11,"102":11,"111":11,"113":11,"114":11,"115":11,"116":11,"117":11,"119":11,"120":11,"122":11,"123":11,"124":11,"125":11,"126":11,"127":22,"128":22,"129":2,"130":2,"131":2,"132":2,"133":2,"134":0,"136":2,"137":2,"138":2,"139":2,"140":2,"141":2,"142":1,"144":2,"145":2,"146":2,"147":2,"148":2,"149":1,"150":1,"151":1,"152":1,"153":1,"154":1,"155":1,"156":1,"157":1,"158":2,"159":2,"161":2,"162":2,"163":2,"165":20,"166":20,"167":20,"168":20,"169":20,"170":20,"171":20,"172":20,"173":20,"174":20,"175":20,"176":20,"177":20,"178":20,"179":20,"180":1,"181":1,"182":1,"183":20,"184":20,"186":20,"187":20,"188":20,"189":20,"190":20,"192":20,"193":20,"195":22,"196":11,"197":11,"198":11,"199":11,"200":11,"202":11,"204":1},"branchMap":{"0":{"type":"branch","line":16,"loc":{"start":{"line":16,"column":0},"end":{"line":203,"column":1}},"locations":[{"start":{"line":16,"column":0},"end":{"line":203,"column":1}}]},"1":{"type":"branch","line":34,"loc":{"start":{"line":34,"column":28},"end":{"line":36,"column":3}},"locations":[{"start":{"line":34,"column":28},"end":{"line":36,"column":3}}]},"2":{"type":"branch","line":38,"loc":{"start":{"line":38,"column":27},"end":{"line":40,"column":3}},"locations":[{"start":{"line":38,"column":27},"end":{"line":40,"column":3}}]},"3":{"type":"branch","line":20,"loc":{"start":{"line":20,"column":4},"end":{"line":20,"column":29}},"locations":[{"start":{"line":20,"column":4},"end":{"line":20,"column":29}}]},"4":{"type":"branch","line":23,"loc":{"start":{"line":23,"column":34},"end":{"line":23,"column":60}},"locations":[{"start":{"line":23,"column":34},"end":{"line":23,"column":60}}]},"5":{"type":"branch","line":28,"loc":{"start":{"line":28,"column":12},"end":{"line":32,"column":5}},"locations":[{"start":{"line":28,"column":12},"end":{"line":32,"column":5}}]},"6":{"type":"branch","line":42,"loc":{"start":{"line":42,"column":20},"end":{"line":66,"column":4}},"locations":[{"start":{"line":42,"column":20},"end":{"line":66,"column":4}}]},"7":{"type":"branch","line":43,"loc":{"start":{"line":43,"column":25},"end":{"line":65,"column":5}},"locations":[{"start":{"line":43,"column":25},"end":{"line":65,"column":5}}]},"8":{"type":"branch","line":91,"loc":{"start":{"line":91,"column":24},"end":{"line":91,"column":65}},"locations":[{"start":{"line":91,"column":24},"end":{"line":91,"column":65}}]},"9":{"type":"branch","line":98,"loc":{"start":{"line":98,"column":24},"end":{"line":98,"column":69}},"locations":[{"start":{"line":98,"column":24},"end":{"line":98,"column":69}}]},"10":{"type":"branch","line":126,"loc":{"start":{"line":126,"column":22},"end":{"line":126,"column":60}},"locations":[{"start":{"line":126,"column":22},"end":{"line":126,"column":60}}]},"11":{"type":"branch","line":127,"loc":{"start":{"line":127,"column":19},"end":{"line":196,"column":21}},"locations":[{"start":{"line":127,"column":19},"end":{"line":196,"column":21}}]},"12":{"type":"branch","line":129,"loc":{"start":{"line":129,"column":33},"end":{"line":164,"column":23}},"locations":[{"start":{"line":129,"column":33},"end":{"line":164,"column":23}}]},"13":{"type":"branch","line":164,"loc":{"start":{"line":164,"column":20},"end":{"line":194,"column":23}},"locations":[{"start":{"line":164,"column":20},"end":{"line":194,"column":23}}]},"14":{"type":"branch","line":142,"loc":{"start":{"line":142,"column":34},"end":{"line":143,"column":80}},"locations":[{"start":{"line":142,"column":34},"end":{"line":143,"column":80}}]},"15":{"type":"branch","line":149,"loc":{"start":{"line":149,"column":35},"end":{"line":158,"column":28}},"locations":[{"start":{"line":149,"column":35},"end":{"line":158,"column":28}}]},"16":{"type":"branch","line":180,"loc":{"start":{"line":180,"column":33},"end":{"line":183,"column":26}},"locations":[{"start":{"line":180,"column":33},"end":{"line":183,"column":26}}]}},"b":{"0":[11],"1":[0],"2":[0],"3":[20],"4":[20],"5":[4],"6":[2],"7":[1],"8":[2],"9":[1],"10":[22],"11":[22],"12":[2],"13":[20],"14":[1],"15":[1],"16":[1]},"fnMap":{"0":{"name":"Category","decl":{"start":{"line":16,"column":0},"end":{"line":203,"column":1}},"loc":{"start":{"line":16,"column":0},"end":{"line":203,"column":1}},"line":16},"1":{"name":"handleAdd","decl":{"start":{"line":42,"column":20},"end":{"line":66,"column":4}},"loc":{"start":{"line":42,"column":20},"end":{"line":66,"column":4}},"line":42},"2":{"name":"handleDelete","decl":{"start":{"line":68,"column":23},"end":{"line":70,"column":4}},"loc":{"start":{"line":68,"column":23},"end":{"line":70,"column":4}},"line":68},"3":{"name":"onClick","decl":{"start":{"line":76,"column":19},"end":{"line":76,"column":38}},"loc":{"start":{"line":76,"column":19},"end":{"line":76,"column":38}},"line":76},"4":{"name":"onChange","decl":{"start":{"line":91,"column":24},"end":{"line":91,"column":65}},"loc":{"start":{"line":91,"column":24},"end":{"line":91,"column":65}},"line":91},"5":{"name":"onChange","decl":{"start":{"line":98,"column":24},"end":{"line":98,"column":69}},"loc":{"start":{"line":98,"column":24},"end":{"line":98,"column":69}},"line":98},"6":{"name":"onChange","decl":{"start":{"line":134,"column":34},"end":{"line":135,"column":76}},"loc":{"start":{"line":134,"column":34},"end":{"line":135,"column":76}},"line":134},"7":{"name":"onChange","decl":{"start":{"line":142,"column":34},"end":{"line":143,"column":80}},"loc":{"start":{"line":142,"column":34},"end":{"line":143,"column":80}},"line":142},"8":{"name":"onClick","decl":{"start":{"line":149,"column":35},"end":{"line":158,"column":28}},"loc":{"start":{"line":149,"column":35},"end":{"line":158,"column":28}},"line":149},"9":{"name":"onClick","decl":{"start":{"line":180,"column":33},"end":{"line":183,"column":26}},"loc":{"start":{"line":180,"column":33},"end":{"line":183,"column":26}},"line":180},"10":{"name":"onClick","decl":{"start":{"line":189,"column":33},"end":{"line":189,"column":60}},"loc":{"start":{"line":189,"column":33},"end":{"line":189,"column":60}},"line":189}},"f":{"0":11,"1":2,"2":0,"3":0,"4":2,"5":1,"6":0,"7":1,"8":1,"9":1,"10":0}}
,"C:\\Edstem\\capstone\\shopping-list\\src\\pages\\Home.jsx": {"path":"C:\\Edstem\\capstone\\shopping-list\\src\\pages\\Home.jsx","all":false,"statementMap":{"0":{"start":{"line":1,"column":0},"end":{"line":1,"column":44}},"1":{"start":{"line":2,"column":0},"end":{"line":2,"column":55}},"2":{"start":{"line":3,"column":0},"end":{"line":3,"column":53}},"3":{"start":{"line":4,"column":0},"end":{"line":4,"column":31}},"4":{"start":{"line":5,"column":0},"end":{"line":5,"column":66}},"6":{"start":{"line":7,"column":0},"end":{"line":7,"column":17}},"7":{"start":{"line":8,"column":0},"end":{"line":8,"column":33}},"8":{"start":{"line":9,"column":0},"end":{"line":9,"column":33}},"10":{"start":{"line":11,"column":0},"end":{"line":11,"column":54}},"11":{"start":{"line":12,"column":0},"end":{"line":12,"column":55}},"12":{"start":{"line":13,"column":0},"end":{"line":13,"column":33}},"13":{"start":{"line":14,"column":0},"end":{"line":14,"column":4}},"15":{"start":{"line":16,"column":0},"end":{"line":16,"column":52}},"16":{"start":{"line":17,"column":0},"end":{"line":17,"column":83}},"17":{"start":{"line":18,"column":0},"end":{"line":18,"column":58}},"19":{"start":{"line":20,"column":0},"end":{"line":20,"column":19}},"20":{"start":{"line":21,"column":0},"end":{"line":21,"column":16}},"21":{"start":{"line":22,"column":0},"end":{"line":22,"column":25}},"22":{"start":{"line":23,"column":0},"end":{"line":23,"column":12}},"23":{"start":{"line":24,"column":0},"end":{"line":24,"column":34}},"24":{"start":{"line":25,"column":0},"end":{"line":25,"column":5}},"25":{"start":{"line":26,"column":0},"end":{"line":26,"column":33}},"27":{"start":{"line":28,"column":0},"end":{"line":28,"column":40}},"28":{"start":{"line":29,"column":0},"end":{"line":29,"column":37}},"29":{"start":{"line":30,"column":0},"end":{"line":30,"column":15}},"30":{"start":{"line":31,"column":0},"end":{"line":31,"column":22}},"31":{"start":{"line":32,"column":0},"end":{"line":32,"column":24}},"32":{"start":{"line":33,"column":0},"end":{"line":33,"column":36}},"33":{"start":{"line":34,"column":0},"end":{"line":34,"column":31}},"34":{"start":{"line":35,"column":0},"end":{"line":35,"column":18}},"35":{"start":{"line":36,"column":0},"end":{"line":36,"column":7}},"36":{"start":{"line":37,"column":0},"end":{"line":37,"column":4}},"38":{"start":{"line":39,"column":0},"end":{"line":39,"column":53}},"39":{"start":{"line":40,"column":0},"end":{"line":40,"column":58}},"40":{"start":{"line":41,"column":0},"end":{"line":41,"column":22}},"41":{"start":{"line":42,"column":0},"end":{"line":42,"column":66}},"43":{"start":{"line":44,"column":0},"end":{"line":44,"column":32}},"44":{"start":{"line":45,"column":0},"end":{"line":45,"column":60}},"45":{"start":{"line":46,"column":0},"end":{"line":46,"column":4}},"47":{"start":{"line":48,"column":0},"end":{"line":48,"column":32}},"48":{"start":{"line":49,"column":0},"end":{"line":49,"column":47}},"49":{"start":{"line":50,"column":0},"end":{"line":50,"column":41}},"50":{"start":{"line":51,"column":0},"end":{"line":51,"column":4}},"52":{"start":{"line":53,"column":0},"end":{"line":53,"column":39}},"53":{"start":{"line":54,"column":0},"end":{"line":54,"column":25}},"54":{"start":{"line":55,"column":0},"end":{"line":55,"column":22}},"55":{"start":{"line":56,"column":0},"end":{"line":56,"column":28}},"56":{"start":{"line":57,"column":0},"end":{"line":57,"column":4}},"58":{"start":{"line":59,"column":0},"end":{"line":59,"column":10}},"59":{"start":{"line":60,"column":0},"end":{"line":60,"column":9}},"60":{"start":{"line":61,"column":0},"end":{"line":61,"column":50}},"61":{"start":{"line":62,"column":0},"end":{"line":62,"column":64}},"62":{"start":{"line":63,"column":0},"end":{"line":63,"column":17}},"63":{"start":{"line":64,"column":0},"end":{"line":64,"column":59}},"64":{"start":{"line":65,"column":0},"end":{"line":65,"column":70}},"65":{"start":{"line":66,"column":0},"end":{"line":66,"column":11}},"67":{"start":{"line":68,"column":0},"end":{"line":68,"column":19}},"68":{"start":{"line":69,"column":0},"end":{"line":69,"column":28}},"69":{"start":{"line":70,"column":0},"end":{"line":70,"column":93}},"70":{"start":{"line":71,"column":0},"end":{"line":71,"column":41}},"71":{"start":{"line":72,"column":0},"end":{"line":72,"column":23}},"72":{"start":{"line":73,"column":0},"end":{"line":73,"column":27}},"73":{"start":{"line":74,"column":0},"end":{"line":74,"column":57}},"74":{"start":{"line":75,"column":0},"end":{"line":75,"column":74}},"75":{"start":{"line":76,"column":0},"end":{"line":76,"column":17}},"76":{"start":{"line":77,"column":0},"end":{"line":77,"column":28}},"77":{"start":{"line":78,"column":0},"end":{"line":78,"column":25}},"78":{"start":{"line":79,"column":0},"end":{"line":79,"column":17}},"79":{"start":{"line":80,"column":0},"end":{"line":80,"column":18}},"81":{"start":{"line":82,"column":0},"end":{"line":82,"column":14}},"82":{"start":{"line":83,"column":0},"end":{"line":83,"column":13}},"83":{"start":{"line":84,"column":0},"end":{"line":84,"column":17}},"84":{"start":{"line":85,"column":0},"end":{"line":85,"column":50}},"85":{"start":{"line":86,"column":0},"end":{"line":86,"column":102}},"86":{"start":{"line":87,"column":0},"end":{"line":87,"column":11}},"88":{"start":{"line":89,"column":0},"end":{"line":89,"column":19}},"89":{"start":{"line":90,"column":0},"end":{"line":90,"column":14}},"90":{"start":{"line":91,"column":0},"end":{"line":91,"column":12}},"92":{"start":{"line":93,"column":0},"end":{"line":93,"column":46}},"94":{"start":{"line":95,"column":0},"end":{"line":95,"column":43}},"95":{"start":{"line":96,"column":0},"end":{"line":96,"column":86}},"96":{"start":{"line":97,"column":0},"end":{"line":97,"column":14}},"97":{"start":{"line":98,"column":0},"end":{"line":98,"column":43}},"98":{"start":{"line":99,"column":0},"end":{"line":99,"column":86}},"100":{"start":{"line":101,"column":0},"end":{"line":101,"column":20}},"101":{"start":{"line":102,"column":0},"end":{"line":102,"column":86}},"103":{"start":{"line":104,"column":0},"end":{"line":104,"column":20}},"104":{"start":{"line":105,"column":0},"end":{"line":105,"column":86}},"106":{"start":{"line":107,"column":0},"end":{"line":107,"column":20}},"107":{"start":{"line":108,"column":0},"end":{"line":108,"column":86}},"109":{"start":{"line":110,"column":0},"end":{"line":110,"column":20}},"110":{"start":{"line":111,"column":0},"end":{"line":111,"column":86}},"112":{"start":{"line":113,"column":0},"end":{"line":113,"column":20}},"113":{"start":{"line":114,"column":0},"end":{"line":114,"column":86}},"115":{"start":{"line":116,"column":0},"end":{"line":116,"column":20}},"116":{"start":{"line":117,"column":0},"end":{"line":117,"column":17}},"118":{"start":{"line":119,"column":0},"end":{"line":119,"column":58}},"119":{"start":{"line":120,"column":0},"end":{"line":120,"column":31}},"120":{"start":{"line":121,"column":0},"end":{"line":121,"column":39}},"121":{"start":{"line":122,"column":0},"end":{"line":122,"column":60}},"122":{"start":{"line":123,"column":0},"end":{"line":123,"column":25}},"123":{"start":{"line":124,"column":0},"end":{"line":124,"column":62}},"124":{"start":{"line":125,"column":0},"end":{"line":125,"column":45}},"125":{"start":{"line":126,"column":0},"end":{"line":126,"column":51}},"127":{"start":{"line":128,"column":0},"end":{"line":128,"column":42}},"128":{"start":{"line":129,"column":0},"end":{"line":129,"column":61}},"129":{"start":{"line":130,"column":0},"end":{"line":130,"column":24}},"130":{"start":{"line":131,"column":0},"end":{"line":131,"column":31}},"131":{"start":{"line":132,"column":0},"end":{"line":132,"column":28}},"132":{"start":{"line":133,"column":0},"end":{"line":133,"column":37}},"133":{"start":{"line":134,"column":0},"end":{"line":134,"column":109}},"134":{"start":{"line":135,"column":0},"end":{"line":135,"column":20}},"135":{"start":{"line":136,"column":0},"end":{"line":136,"column":24}},"136":{"start":{"line":137,"column":0},"end":{"line":137,"column":31}},"137":{"start":{"line":138,"column":0},"end":{"line":138,"column":28}},"138":{"start":{"line":139,"column":0},"end":{"line":139,"column":41}},"139":{"start":{"line":140,"column":0},"end":{"line":140,"column":109}},"140":{"start":{"line":141,"column":0},"end":{"line":141,"column":20}},"141":{"start":{"line":142,"column":0},"end":{"line":142,"column":24}},"142":{"start":{"line":143,"column":0},"end":{"line":143,"column":31}},"143":{"start":{"line":144,"column":0},"end":{"line":144,"column":28}},"144":{"start":{"line":145,"column":0},"end":{"line":145,"column":37}},"145":{"start":{"line":146,"column":0},"end":{"line":146,"column":109}},"146":{"start":{"line":147,"column":0},"end":{"line":147,"column":20}},"147":{"start":{"line":148,"column":0},"end":{"line":148,"column":24}},"148":{"start":{"line":149,"column":0},"end":{"line":149,"column":31}},"149":{"start":{"line":150,"column":0},"end":{"line":150,"column":28}},"150":{"start":{"line":151,"column":0},"end":{"line":151,"column":39}},"151":{"start":{"line":152,"column":0},"end":{"line":152,"column":112}},"152":{"start":{"line":153,"column":0},"end":{"line":153,"column":20}},"153":{"start":{"line":154,"column":0},"end":{"line":154,"column":23}},"154":{"start":{"line":155,"column":0},"end":{"line":155,"column":48}},"155":{"start":{"line":156,"column":0},"end":{"line":156,"column":150}},"156":{"start":{"line":157,"column":0},"end":{"line":157,"column":19}},"158":{"start":{"line":159,"column":0},"end":{"line":159,"column":25}},"159":{"start":{"line":160,"column":0},"end":{"line":160,"column":25}},"160":{"start":{"line":161,"column":0},"end":{"line":161,"column":57}},"161":{"start":{"line":162,"column":0},"end":{"line":162,"column":137}},"162":{"start":{"line":163,"column":0},"end":{"line":163,"column":19}},"164":{"start":{"line":165,"column":0},"end":{"line":165,"column":27}},"165":{"start":{"line":166,"column":0},"end":{"line":166,"column":21}},"166":{"start":{"line":167,"column":0},"end":{"line":167,"column":16}},"168":{"start":{"line":169,"column":0},"end":{"line":169,"column":15}},"170":{"start":{"line":171,"column":0},"end":{"line":171,"column":51}},"171":{"start":{"line":172,"column":0},"end":{"line":172,"column":65}},"172":{"start":{"line":173,"column":0},"end":{"line":173,"column":21}},"173":{"start":{"line":174,"column":0},"end":{"line":174,"column":40}},"174":{"start":{"line":175,"column":0},"end":{"line":175,"column":44}},"175":{"start":{"line":176,"column":0},"end":{"line":176,"column":80}},"176":{"start":{"line":177,"column":0},"end":{"line":177,"column":15}},"178":{"start":{"line":179,"column":0},"end":{"line":179,"column":23}},"179":{"start":{"line":180,"column":0},"end":{"line":180,"column":21}},"180":{"start":{"line":181,"column":0},"end":{"line":181,"column":40}},"181":{"start":{"line":182,"column":0},"end":{"line":182,"column":66}},"182":{"start":{"line":183,"column":0},"end":{"line":183,"column":80}},"183":{"start":{"line":184,"column":0},"end":{"line":184,"column":15}},"185":{"start":{"line":186,"column":0},"end":{"line":186,"column":23}},"186":{"start":{"line":187,"column":0},"end":{"line":187,"column":18}},"188":{"start":{"line":189,"column":0},"end":{"line":189,"column":14}},"189":{"start":{"line":190,"column":0},"end":{"line":190,"column":12}},"190":{"start":{"line":191,"column":0},"end":{"line":191,"column":10}},"192":{"start":{"line":193,"column":0},"end":{"line":193,"column":1}},"194":{"start":{"line":195,"column":0},"end":{"line":195,"column":20}}},"s":{"0":1,"1":1,"2":1,"3":1,"4":1,"6":12,"7":12,"8":12,"10":12,"11":12,"12":12,"13":12,"15":12,"16":12,"17":12,"19":12,"20":8,"21":1,"22":8,"23":7,"24":7,"25":12,"27":12,"28":1,"29":1,"30":1,"31":1,"32":1,"33":1,"34":1,"35":1,"36":1,"38":12,"39":12,"40":12,"41":12,"43":12,"44":1,"45":1,"47":12,"48":1,"49":1,"50":1,"52":12,"53":1,"54":1,"55":1,"56":1,"58":12,"59":12,"60":12,"61":12,"62":12,"63":12,"64":12,"65":12,"67":12,"68":12,"69":1,"70":1,"71":3,"72":3,"73":3,"74":3,"75":3,"76":3,"77":3,"78":1,"79":1,"81":12,"82":12,"83":12,"84":12,"85":12,"86":12,"88":12,"89":12,"90":12,"92":12,"94":12,"95":12,"96":12,"97":12,"98":12,"100":12,"101":12,"103":12,"104":12,"106":12,"107":12,"109":12,"110":12,"112":12,"113":12,"115":12,"116":12,"118":12,"119":2,"120":10,"121":1,"122":9,"123":0,"124":9,"125":1,"127":8,"128":47,"129":47,"130":47,"131":47,"132":47,"133":47,"134":47,"135":47,"136":47,"137":47,"138":47,"139":47,"140":47,"141":47,"142":47,"143":47,"144":47,"145":47,"146":47,"147":47,"148":47,"149":47,"150":47,"151":47,"152":47,"153":47,"154":47,"155":47,"156":47,"158":47,"159":47,"160":47,"161":47,"162":47,"164":47,"165":47,"166":8,"168":12,"170":12,"171":6,"172":6,"173":6,"174":6,"175":6,"176":6,"178":6,"179":6,"180":6,"181":6,"182":6,"183":6,"185":6,"186":6,"188":12,"189":12,"190":12,"192":12,"194":1},"branchMap":{"0":{"type":"branch","line":7,"loc":{"start":{"line":7,"column":0},"end":{"line":193,"column":1}},"locations":[{"start":{"line":7,"column":0},"end":{"line":193,"column":1}}]},"1":{"type":"branch","line":42,"loc":{"start":{"line":42,"column":58},"end":{"line":42,"column":66}},"locations":[{"start":{"line":42,"column":58},"end":{"line":42,"column":66}}]},"2":{"type":"branch","line":69,"loc":{"start":{"line":69,"column":11},"end":{"line":80,"column":18}},"locations":[{"start":{"line":69,"column":11},"end":{"line":80,"column":18}}]},"3":{"type":"branch","line":119,"loc":{"start":{"line":119,"column":24},"end":{"line":119,"column":58}},"locations":[{"start":{"line":119,"column":24},"end":{"line":119,"column":58}}]},"4":{"type":"branch","line":119,"loc":{"start":{"line":119,"column":48},"end":{"line":120,"column":31}},"locations":[{"start":{"line":119,"column":48},"end":{"line":120,"column":31}}]},"5":{"type":"branch","line":120,"loc":{"start":{"line":120,"column":27},"end":{"line":167,"column":16}},"locations":[{"start":{"line":120,"column":27},"end":{"line":167,"column":16}}]},"6":{"type":"branch","line":121,"loc":{"start":{"line":121,"column":27},"end":{"line":122,"column":60}},"locations":[{"start":{"line":121,"column":27},"end":{"line":122,"column":60}}]},"7":{"type":"branch","line":122,"loc":{"start":{"line":122,"column":56},"end":{"line":167,"column":16}},"locations":[{"start":{"line":122,"column":56},"end":{"line":167,"column":16}}]},"8":{"type":"branch","line":123,"loc":{"start":{"line":123,"column":17},"end":{"line":124,"column":62}},"locations":[{"start":{"line":123,"column":17},"end":{"line":124,"column":62}}]},"9":{"type":"branch","line":125,"loc":{"start":{"line":125,"column":40},"end":{"line":126,"column":51}},"locations":[{"start":{"line":125,"column":40},"end":{"line":126,"column":51}}]},"10":{"type":"branch","line":126,"loc":{"start":{"line":126,"column":47},"end":{"line":167,"column":16}},"locations":[{"start":{"line":126,"column":47},"end":{"line":167,"column":16}}]},"11":{"type":"branch","line":171,"loc":{"start":{"line":171,"column":34},"end":{"line":187,"column":18}},"locations":[{"start":{"line":171,"column":34},"end":{"line":187,"column":18}}]},"12":{"type":"branch","line":11,"loc":{"start":{"line":11,"column":31},"end":{"line":11,"column":52}},"locations":[{"start":{"line":11,"column":31},"end":{"line":11,"column":52}}]},"13":{"type":"branch","line":13,"loc":{"start":{"line":13,"column":4},"end":{"line":13,"column":33}},"locations":[{"start":{"line":13,"column":4},"end":{"line":13,"column":33}}]},"14":{"type":"branch","line":20,"loc":{"start":{"line":20,"column":12},"end":{"line":26,"column":5}},"locations":[{"start":{"line":20,"column":12},"end":{"line":26,"column":5}}]},"15":{"type":"branch","line":21,"loc":{"start":{"line":21,"column":15},"end":{"line":23,"column":11}},"locations":[{"start":{"line":21,"column":15},"end":{"line":23,"column":11}}]},"16":{"type":"branch","line":23,"loc":{"start":{"line":23,"column":4},"end":{"line":25,"column":5}},"locations":[{"start":{"line":23,"column":4},"end":{"line":25,"column":5}}]},"17":{"type":"branch","line":28,"loc":{"start":{"line":28,"column":23},"end":{"line":37,"column":4}},"locations":[{"start":{"line":28,"column":23},"end":{"line":37,"column":4}}]},"18":{"type":"branch","line":44,"loc":{"start":{"line":44,"column":25},"end":{"line":46,"column":4}},"locations":[{"start":{"line":44,"column":25},"end":{"line":46,"column":4}}]},"19":{"type":"branch","line":45,"loc":{"start":{"line":45,"column":40},"end":{"line":45,"column":58}},"locations":[{"start":{"line":45,"column":40},"end":{"line":45,"column":58}}]},"20":{"type":"branch","line":48,"loc":{"start":{"line":48,"column":25},"end":{"line":51,"column":4}},"locations":[{"start":{"line":48,"column":25},"end":{"line":51,"column":4}}]},"21":{"type":"branch","line":50,"loc":{"start":{"line":50,"column":21},"end":{"line":50,"column":39}},"locations":[{"start":{"line":50,"column":21},"end":{"line":50,"column":39}}]},"22":{"type":"branch","line":53,"loc":{"start":{"line":53,"column":29},"end":{"line":57,"column":4}},"locations":[{"start":{"line":53,"column":29},"end":{"line":57,"column":4}}]},"23":{"type":"branch","line":64,"loc":{"start":{"line":64,"column":21},"end":{"line":64,"column":59}},"locations":[{"start":{"line":64,"column":21},"end":{"line":64,"column":59}}]},"24":{"type":"branch","line":71,"loc":{"start":{"line":71,"column":31},"end":{"line":78,"column":25}},"locations":[{"start":{"line":71,"column":31},"end":{"line":78,"column":25}}]},"25":{"type":"branch","line":74,"loc":{"start":{"line":74,"column":27},"end":{"line":74,"column":57}},"locations":[{"start":{"line":74,"column":27},"end":{"line":74,"column":57}}]},"26":{"type":"branch","line":128,"loc":{"start":{"line":128,"column":31},"end":{"line":166,"column":21}},"locations":[{"start":{"line":128,"column":31},"end":{"line":166,"column":21}}]},"27":{"type":"branch","line":161,"loc":{"start":{"line":161,"column":29},"end":{"line":161,"column":57}},"locations":[{"start":{"line":161,"column":29},"end":{"line":161,"column":57}}]}},"b":{"0":[12],"1":[0],"2":[1],"3":[11],"4":[2],"5":[10],"6":[1],"7":[9],"8":[0],"9":[1],"10":[8],"11":[6],"12":[20],"13":[20],"14":[8],"15":[1],"16":[7],"17":[1],"18":[1],"19":[1],"20":[1],"21":[1],"22":[1],"23":[1],"24":[3],"25":[1],"26":[47],"27":[1]},"fnMap":{"0":{"name":"Home","decl":{"start":{"line":7,"column":0},"end":{"line":193,"column":1}},"loc":{"start":{"line":7,"column":0},"end":{"line":193,"column":1}},"line":7},"1":{"name":"handleDelete","decl":{"start":{"line":28,"column":23},"end":{"line":37,"column":4}},"loc":{"start":{"line":28,"column":23},"end":{"line":37,"column":4}},"line":28},"2":{"name":"handlePrevPage","decl":{"start":{"line":44,"column":25},"end":{"line":46,"column":4}},"loc":{"start":{"line":44,"column":25},"end":{"line":46,"column":4}},"line":44},"3":{"name":"handleNextPage","decl":{"start":{"line":48,"column":25},"end":{"line":51,"column":4}},"loc":{"start":{"line":48,"column":25},"end":{"line":51,"column":4}},"line":48},"4":{"name":"handleItemsPerPage","decl":{"start":{"line":53,"column":29},"end":{"line":57,"column":4}},"loc":{"start":{"line":53,"column":29},"end":{"line":57,"column":4}},"line":53},"5":{"name":"onClick","decl":{"start":{"line":64,"column":21},"end":{"line":64,"column":59}},"loc":{"start":{"line":64,"column":21},"end":{"line":64,"column":59}},"line":64},"6":{"name":"onClick","decl":{"start":{"line":74,"column":27},"end":{"line":74,"column":57}},"loc":{"start":{"line":74,"column":27},"end":{"line":74,"column":57}},"line":74},"7":{"name":"onClick","decl":{"start":{"line":85,"column":21},"end":{"line":85,"column":50}},"loc":{"start":{"line":85,"column":21},"end":{"line":85,"column":50}},"line":85},"8":{"name":"onClick","decl":{"start":{"line":161,"column":29},"end":{"line":161,"column":57}},"loc":{"start":{"line":161,"column":29},"end":{"line":161,"column":57}},"line":161}},"f":{"0":12,"1":1,"2":1,"3":1,"4":1,"5":1,"6":1,"7":0,"8":1}}
,"C:\\Edstem\\capstone\\shopping-list\\src\\pages\\ListDetails.jsx": {"path":"C:\\Edstem\\capstone\\shopping-list\\src\\pages\\ListDetails.jsx","all":false,"statementMap":{"0":{"start":{"line":1,"column":0},"end":{"line":1,"column":65}},"1":{"start":{"line":2,"column":0},"end":{"line":2,"column":64}},"2":{"start":{"line":3,"column":0},"end":{"line":3,"column":55}},"3":{"start":{"line":4,"column":0},"end":{"line":4,"column":58}},"4":{"start":{"line":5,"column":0},"end":{"line":5,"column":44}},"5":{"start":{"line":6,"column":0},"end":{"line":6,"column":31}},"6":{"start":{"line":7,"column":0},"end":{"line":7,"column":8}},"13":{"start":{"line":14,"column":0},"end":{"line":14,"column":27}},"14":{"start":{"line":15,"column":0},"end":{"line":15,"column":33}},"15":{"start":{"line":16,"column":0},"end":{"line":16,"column":29}},"16":{"start":{"line":17,"column":0},"end":{"line":17,"column":33}},"17":{"start":{"line":18,"column":0},"end":{"line":18,"column":77}},"18":{"start":{"line":19,"column":0},"end":{"line":19,"column":51}},"19":{"start":{"line":20,"column":0},"end":{"line":20,"column":52}},"21":{"start":{"line":22,"column":0},"end":{"line":22,"column":19}},"22":{"start":{"line":23,"column":0},"end":{"line":23,"column":40}},"23":{"start":{"line":24,"column":0},"end":{"line":24,"column":21}},"25":{"start":{"line":26,"column":0},"end":{"line":26,"column":19}},"26":{"start":{"line":27,"column":0},"end":{"line":27,"column":29}},"27":{"start":{"line":28,"column":0},"end":{"line":28,"column":20}},"28":{"start":{"line":29,"column":0},"end":{"line":29,"column":42}},"29":{"start":{"line":30,"column":0},"end":{"line":30,"column":18}},"30":{"start":{"line":31,"column":0},"end":{"line":31,"column":45}},"31":{"start":{"line":32,"column":0},"end":{"line":32,"column":11}},"32":{"start":{"line":33,"column":0},"end":{"line":33,"column":8}},"33":{"start":{"line":34,"column":0},"end":{"line":34,"column":5}},"34":{"start":{"line":35,"column":0},"end":{"line":35,"column":20}},"36":{"start":{"line":37,"column":0},"end":{"line":37,"column":53}},"37":{"start":{"line":38,"column":0},"end":{"line":38,"column":41}},"38":{"start":{"line":39,"column":0},"end":{"line":39,"column":39}},"39":{"start":{"line":40,"column":0},"end":{"line":40,"column":32}},"40":{"start":{"line":41,"column":0},"end":{"line":41,"column":4}},"42":{"start":{"line":43,"column":0},"end":{"line":43,"column":52}},"43":{"start":{"line":44,"column":0},"end":{"line":44,"column":59}},"44":{"start":{"line":45,"column":0},"end":{"line":45,"column":58}},"45":{"start":{"line":46,"column":0},"end":{"line":46,"column":6}},"46":{"start":{"line":47,"column":0},"end":{"line":47,"column":13}},"47":{"start":{"line":48,"column":0},"end":{"line":48,"column":75}},"48":{"start":{"line":49,"column":0},"end":{"line":49,"column":6}},"49":{"start":{"line":50,"column":0},"end":{"line":50,"column":4}},"51":{"start":{"line":52,"column":0},"end":{"line":52,"column":46}},"53":{"start":{"line":54,"column":0},"end":{"line":54,"column":34}},"54":{"start":{"line":55,"column":0},"end":{"line":55,"column":18}},"55":{"start":{"line":56,"column":0},"end":{"line":56,"co
[...]
olumn":25}},"82":{"start":{"line":83,"column":0},"end":{"line":83,"column":20}},"83":{"start":{"line":84,"column":0},"end":{"line":84,"column":20}},"84":{"start":{"line":85,"column":0},"end":{"line":85,"column":26}},"85":{"start":{"line":86,"column":0},"end":{"line":86,"column":26}},"86":{"start":{"line":87,"column":0},"end":{"line":87,"column":23}},"87":{"start":{"line":88,"column":0},"end":{"line":88,"column":23}},"88":{"start":{"line":89,"column":0},"end":{"line":89,"column":30}},"89":{"start":{"line":90,"column":0},"end":{"line":90,"column":0}},"90":{"start":{"line":91,"column":0},"end":{"line":91,"column":34}},"91":{"start":{"line":92,"column":0},"end":{"line":92,"column":36}},"92":{"start":{"line":93,"column":0},"end":{"line":93,"column":9}},"93":{"start":{"line":94,"column":0},"end":{"line":94,"column":50}},"94":{"start":{"line":95,"column":0},"end":{"line":95,"column":78}},"95":{"start":{"line":96,"column":0},"end":{"line":96,"column":16}},"96":{"start":{"line":97,"column":0},"end":{"line":97,"column":46}},"97":{"start":{"line":98,"column":0},"end":{"line":98,"column":31}},"98":{"start":{"line":99,"column":0},"end":{"line":99,"column":9}},"99":{"start":{"line":100,"column":0},"end":{"line":100,"column":19}},"100":{"start":{"line":101,"column":0},"end":{"line":101,"column":53}},"101":{"start":{"line":102,"column":0},"end":{"line":102,"column":80}},"102":{"start":{"line":103,"column":0},"end":{"line":103,"column":5}},"103":{"start":{"line":104,"column":0},"end":{"line":104,"column":4}},"104":{"start":{"line":105,"column":0},"end":{"line":105,"column":1}},"105":{"start":{"line":106,"column":0},"end":{"line":106,"column":42}},"106":{"start":{"line":107,"column":0},"end":{"line":107,"column":36}},"107":{"start":{"line":108,"column":0},"end":{"line":108,"column":53}},"108":{"start":{"line":109,"column":0},"end":{"line":109,"column":9}},"109":{"start":{"line":110,"column":0},"end":{"line":110,"column":59}},"110":{"start":{"line":111,"column":0},"end":{"line":111,"column":43}},"111":{"start":{"line":112,"column":0},"end":{"line":112,"column":35}},"112":{"start":{"line":113,"column":0},"end":{"line":113,"column":50}},"113":{"start":{"line":114,"column":0},"end":{"line":114,"column":14}},"114":{"start":{"line":115,"column":0},"end":{"line":115,"column":68}},"115":{"start":{"line":116,"column":0},"end":{"line":116,"column":7}},"116":{"start":{"line":117,"column":0},"end":{"line":117,"column":19}},"117":{"start":{"line":118,"column":0},"end":{"line":118,"column":53}},"118":{"start":{"line":119,"column":0},"end":{"line":119,"column":80}},"119":{"start":{"line":120,"column":0},"end":{"line":120,"column":5}},"120":{"start":{"line":121,"column":0},"end":{"line":121,"column":4}},"121":{"start":{"line":122,"column":0},"end":{"line":122,"column":1}},"122":{"start":{"line":123,"column":0},"end":{"line":123,"column":0}},"123":{"start":{"line":124,"column":0},"end":{"line":124,"column":32}},"124":{"start":{"line":125,"column":0},"end":{"line":125,"column":36}},"125":{"start":{"line":126,"column":0},"end":{"line":126,"column":9}},"126":{"start":{"line":127,"column":0},"end":{"line":127,"column":61}},"127":{"start":{"line":128,"column":0},"end":{"line":128,"column":38}},"128":{"start":{"line":129,"column":0},"end":{"line":129,"column":19}},"129":{"start":{"line":130,"column":0},"end":{"line":130,"column":48}},"130":{"start":{"line":131,"column":0},"end":{"line":131,"column":47}},"131":{"start":{"line":132,"column":0},"end":{"line":132,"column":5}},"132":{"start":{"line":133,"column":0},"end":{"line":133,"column":4}},"133":{"start":{"line":134,"column":0},"end":{"line":134,"column":1}},"134":{"start":{"line":135,"column":0},"end":{"line":135,"column":49}},"135":{"start":{"line":136,"column":0},"end":{"line":136,"column":30}},"136":{"start":{"line":137,"column":0},"end":{"line":137,"column":64}},"137":{"start":{"line":138,"column":0},"end":{"line":138,"column":9}},"138":{"start":{"line":139,"column":0},"end":{"line":139,"column":41}},"139":{"start":{"line":140,"column":0},"end":{"line":140,"column":47}},"140":{"start":{"line":141,"column":0},"end":{"line":141,"column":28}},"141":{"start":{"line":142,"column":0},"end":{"line":142,"column":8}},"142":{"start":{"line":143,"column":0},"end":{"line":143,"column":54}},"143":{"start":{"line":144,"column":0},"end":{"line":144,"column":21}},"144":{"start":{"line":145,"column":0},"end":{"line":145,"column":51}},"145":{"start":{"line":146,"column":0},"end":{"line":146,"column":78}},"146":{"start":{"line":147,"column":0},"end":{"line":147,"column":5}},"147":{"start":{"line":148,"column":0},"end":{"line":148,"column":3}},"148":{"start":{"line":149,"column":0},"end":{"line":149,"column":2}},"149":{"start":{"line":150,"column":0},"end":{"line":150,"column":0}},"150":{"start":{"line":151,"column":0},"end":{"line":151,"column":35}},"151":{"start":{"line":152,"column":0},"end":{"line":152,"column":36}},"152":{"start":{"line":153,"column":0},"end":{"line":153,"column":9}},"153":{"start":{"line":154,"column":0},"end":{"line":154,"column":46}},"154":{"start":{"line":155,"column":0},"end":{"line":155,"column":0}},"155":{"start":{"line":156,"column":0},"end":{"line":156,"column":75}},"156":{"start":{"line":157,"column":0},"end":{"line":157,"column":52}},"157":{"start":{"line":158,"column":0},"end":{"line":158,"column":51}},"158":{"start":{"line":159,"column":0},"end":{"line":159,"column":19}},"159":{"start":{"line":160,"column":0},"end":{"line":160,"column":47}},"160":{"start":{"line":161,"column":0},"end":{"line":161,"column":50}},"161":{"start":{"line":162,"column":0},"end":{"line":162,"column":5}},"162":{"start":{"line":163,"column":0},"end":{"line":163,"column":4}},"163":{"start":{"line":164,"column":0},"end":{"line":164,"column":1}},"164":{"start":{"line":165,"column":0},"end":{"line":165,"column":0}},"165":{"start":{"line":166,"column":0},"end":{"line":166,"column":59}},"166":{"start":{"line":167,"column":0},"end":{"line":167,"column":44}},"167":{"start":{"line":168,"column":0},"end":{"line":168,"column":53}},"168":{"start":{"line":169,"column":0},"end":{"line":169,"column":9}},"169":{"start":{"line":170,"column":0},"end":{"line":170,"column":41}},"170":{"start":{"line":171,"column":0},"end":{"line":171,"column":47}},"171":{"start":{"line":172,"column":0},"end":{"line":172,"column":17}},"172":{"start":{"line":173,"column":0},"end":{"line":173,"column":8}},"173":{"start":{"line":174,"column":0},"end":{"line":174,"column":27}},"174":{"start":{"line":175,"column":0},"end":{"line":175,"column":21}},"175":{"start":{"line":176,"column":0},"end":{"line":176,"column":79}},"176":{"start":{"line":177,"column":0},"end":{"line":177,"column":5}},"177":{"start":{"line":178,"column":0},"end":{"line":178,"column":3}},"178":{"start":{"line":179,"column":0},"end":{"line":179,"column":2}},"179":{"start":{"line":180,"column":0},"end":{"line":180,"column":0}},"180":{"start":{"line":181,"column":0},"end":{"line":181,"column":53}},"181":{"start":{"line":182,"column":0},"end":{"line":182,"column":38}},"182":{"start":{"line":183,"column":0},"end":{"line":183,"column":53}},"183":{"start":{"line":184,"column":0},"end":{"line":184,"column":9}},"184":{"start":{"line":185,"column":0},"end":{"line":185,"column":41}},"185":{"start":{"line":186,"column":0},"end":{"line":186,"column":47}},"186":{"start":{"line":187,"column":0},"end":{"line":187,"column":9}},"187":{"start":{"line":188,"column":0},"end":{"line":188,"column":16}},"188":{"start":{"line":189,"column":0},"end":{"line":189,"column":9}},"189":{"start":{"line":190,"column":0},"end":{"line":190,"column":8}},"190":{"start":{"line":191,"column":0},"end":{"line":191,"column":52}},"191":{"start":{"line":192,"column":0},"end":{"line":192,"column":21}},"192":{"start":{"line":193,"column":0},"end":{"line":193,"column":60}},"193":{"start":{"line":194,"column":0},"end":{"line":194,"column":65}},"194":{"start":{"line":195,"column":0},"end":{"line":195,"column":5}},"195":{"start":{"line":196,"column":0},"end":{"line":196,"column":3}},"196":{"start":{"line":197,"column":0},"end":{"line":197,"column":2}},"197":{"start":{"line":198,"column":0},"end":{"line":198,"column":0}},"198":{"start":{"line":199,"column":0},"end":{"line":199,"column":41}}},"s":{"0":1,"1":1,"2":1,"3":1,"4":1,"5":1,"6":1,"7":1,"8":1,"9":1,"10":1,"11":1,"12":1,"13":1,"14":1,"15":1,"16":1,"17":1,"18":1,"19":1,"20":1,"21":1,"22":1,"23":1,"24":1,"25":1,"26":1,"27":1,"28":1,"29":1,"30":1,"31":1,"32":1,"33":1,"34":1,"35":1,"36":1,"37":1,"38":1,"39":1,"40":1,"41":1,"42":1,"43":1,"44":1,"45":1,"46":1,"47":1,"48":1,"49":1,"50":1,"51":1,"52":1,"53":1,"54":1,"55":1,"56":1,"57":1,"58":1,"59":1,"60":1,"61":1,"62":1,"63":1,"64":1,"65":1,"66":1,"67":1,"68":1,"69":1,"70":1,"71":1,"72":1,"73":1,"74":1,"75":1,"76":1,"77":1,"78":1,"79":1,"80":1,"81":1,"82":1,"83":1,"84":1,"85":1,"86":1,"87":1,"88":1,"89":1,"90":1,"91":0,"92":0,"93":0,"94":0,"95":0,"96":0,"97":0,"98":0,"99":0,"100":0,"101":0,"102":0,"103":0,"104":0,"105":1,"106":0,"107":0,"108":0,"109":0,"110":0,"111":0,"112":0,"113":0,"114":0,"115":0,"116":0,"117":0,"118":0,"119":0,"120":0,"121":0,"122":1,"123":1,"124":0,"125":0,"126":0,"127":0,"128":0,"129":0,"130":0,"131":0,"132":0,"133":0,"134":1,"135":1,"136":1,"137":0,"138":0,"139":0,"140":0,"141":0,"142":0,"143":0,"144":0,"145":0,"146":0,"147":0,"148":1,"149":1,"150":1,"151":6,"152":0,"153":0,"154":0,"155":0,"156":0,"157":0,"158":0,"159":0,"160":0,"161":0,"162":6,"163":6,"164":1,"165":1,"166":1,"167":1,"168":0,"169":0,"170":0,"171":0,"172":0,"173":0,"174":0,"175":0,"176":0,"177":0,"178":1,"179":1,"180":1,"181":1,"182":1,"183":0,"184":0,"185":0,"186":0,"187":0,"188":0,"189":0,"190":0,"191":0,"192":0,"193":0,"194":0,"195":0,"196":1,"197":1,"198":1},"branchMap":{"0":{"type":"branch","line":15,"loc":{"start":{"line":15,"column":4},"end":{"line":17,"column":5}},"locations":[{"start":{"line":15,"column":4},"end":{"line":17,"column":5}}]},"1":{"type":"branch","line":18,"loc":{"start":{"line":18,"column":4},"end":{"line":20,"column":5}},"locations":[{"start":{"line":18,"column":4},"end":{"line":20,"column":5}}]},"2":{"type":"branch","line":27,"loc":{"start":{"line":27,"column":4},"end":{"line":30,"column":5}},"locations":[{"start":{"line":27,"column":4},"end":{"line":30,"column":5}}]},"3":{"type":"branch","line":31,"loc":{"start":{"line":31,"column":4},"end":{"line":34,"column":5}},"locations":[{"start":{"line":31,"column":4},"end":{"line":34,"column":5}}]},"4":{"type":"branch","line":37,"loc":{"start":{"line":37,"column":4},"end":{"line":39,"column":5}},"locations":[{"start":{"line":37,"column":4},"end":{"line":39,"column":5}}]},"5":{"type":"branch","line":40,"loc":{"start":{"line":40,"column":4},"end":{"line":42,"column":5}},"locations":[{"start":{"line":40,"column":4},"end":{"line":42,"column":5}}]},"6":{"type":"branch","line":44,"loc":{"start":{"line":44,"column":4},"end":{"line":49,"column":5}},"locations":[{"start":{"line":44,"column":4},"end":{"line":49,"column":5}}]},"7":{"type":"branch","line":47,"loc":{"start":{"line":47,"column":8},"end":{"line":47,"column":39}},"locations":[{"start":{"line":47,"column":8},"end":{"line":47,"column":39}}]},"8":{"type":"branch","line":51,"loc":{"start":{"line":51,"column":4},"end":{"line":53,"column":5}},"locations":[{"start":{"line":51,"column":4},"end":{"line":53,"column":5}}]},"9":{"type":"branch","line":55,"loc":{"start":{"line":55,"column":4},"end":{"line":61,"column":5}},"locations":[{"start":{"line":55,"column":4},"end":{"line":61,"column":5}}]},"10":{"type":"branch","line":57,"loc":{"start":{"line":57,"column":44},"end":{"line":57,"column":72}},"locations":[{"start":{"line":57,"column":44},"end":{"line":57,"column":72}}]},"11":{"type":"branch","line":63,"loc":{"start":{"line":63,"column":4},"end":{"line":65,"column":5}},"locations":[{"start":{"line":63,"column":4},"end":{"line":65,"column":5}}]},"12":{"type":"branch","line":67,"loc":{"start":{"line":67,"column":4},"end":{"line":69,"column":5}},"locations":[{"start":{"line":67,"column":4},"end":{"line":69,"column":5}}]},"13":{"type":"branch","line":70,"loc":{"start":{"line":70,"column":4},"end":{"line":72,"column":5}},"locations":[{"start":{"line":70,"column":4},"end":{"line":72,"column":5}}]},"14":{"type":"branch","line":151,"loc":{"start":{"line":151,"column":7},"end":{"line":164,"column":1}},"locations":[{"start":{"line":151,"column":7},"end":{"line":164,"column":1}}]}},"b":{"0":[1],"1":[1],"2":[1],"3":[1],"4":[1],"5":[1],"6":[1],"7":[2],"8":[1],"9":[1],"10":[1],"11":[1],"12":[1],"13":[1],"14":[6]},"fnMap":{"0":{"name":"showItemInputFields","decl":{"start":{"line":15,"column":4},"end":{"line":17,"column":5}},"loc":{"start":{"line":15,"column":4},"end":{"line":17,"column":5}},"line":15},"1":{"name":"hideItemInputFields","decl":{"start":{"line":18,"column":4},"end":{"line":20,"column":5}},"loc":{"start":{"line":18,"column":4},"end":{"line":20,"column":5}},"line":18},"2":{"name":"fetchAll","decl":{"start":{"line":21,"column":4},"end":{"line":21,"column":30}},"loc":{"start":{"line":21,"column":4},"end":{"line":21,"column":30}},"line":21},"3":{"name":"fetchAllSuccess","decl":{"start":{"line":27,"column":4},"end":{"line":30,"column":5}},"loc":{"start":{"line":27,"column":4},"end":{"line":30,"column":5}},"line":27},"4":{"name":"fetchAllFailure","decl":{"start":{"line":31,"column":4},"end":{"line":34,"column":5}},"loc":{"start":{"line":31,"column":4},"end":{"line":34,"column":5}},"line":31},"5":{"name":"addShoppingList","decl":{"start":{"line":36,"column":4},"end":{"line":36,"column":37}},"loc":{"start":{"line":36,"column":4},"end":{"line":36,"column":37}},"line":36},"6":{"name":"addShoppingListSuccess","decl":{"start":{"line":37,"column":4},"end":{"line":39,"column":5}},"loc":{"start":{"line":37,"column":4},"end":{"line":39,"column":5}},"line":37},"7":{"name":"addShoppingListFailure","decl":{"start":{"line":40,"column":4},"end":{"line":42,"column":5}},"loc":{"start":{"line":40,"column":4},"end":{"line":42,"column":5}},"line":40},"8":{"name":"deleteList","decl":{"start":{"line":43,"column":4},"end":{"line":43,"column":32}},"loc":{"start":{"line":43,"column":4},"end":{"line":43,"column":32}},"line":43},"9":{"name":"deleteListSuccess","decl":{"start":{"line":44,"column":4},"end":{"line":49,"column":5}},"loc":{"start":{"line":44,"column":4},"end":{"line":49,"column":5}},"line":44},"10":{"name":"deleteListFailure","decl":{"start":{"line":51,"column":4},"end":{"line":53,"column":5}},"loc":{"start":{"line":51,"column":4},"end":{"line":53,"column":5}},"line":51},"11":{"name":"updateListStatus","decl":{"start":{"line":54,"column":4},"end":{"line":54,"column":38}},"loc":{"start":{"line":54,"column":4},"end":{"line":54,"column":38}},"line":54},"12":{"name":"updateListStatusSuccess","decl":{"start":{"line":55,"column":4},"end":{"line":61,"column":5}},"loc":{"start":{"line":55,"column":4},"end":{"line":61,"column":5}},"line":55},"13":{"name":"updateListStatusFailure","decl":{"start":{"line":63,"column":4},"end":{"line":65,"column":5}},"loc":{"start":{"line":63,"column":4},"end":{"line":65,"column":5}},"line":63},"14":{"name":"fetchListById","decl":{"start":{"line":66,"column":4},"end":{"line":66,"column":35}},"loc":{"start":{"line":66,"column":4},"end":{"line":66,"column":35}},"line":66},"15":{"name":"fetchListByIdSuccess","decl":{"start":{"line":67,"column":4},"end":{"line":69,"column":5}},"loc":{"start":{"line":67,"column":4},"end":{"line":69,"column":5}},"line":67},"16":{"name":"fetchListByIdFailure","decl":{"start":{"line":70,"column":4},"end":{"line":72,"column":5}},"loc":{"start":{"line":70,"column":4},"end":{"line":72,"column":5}},"line":70},"17":{"name":"fetchAll","decl":{"start":{"line":91,"column":7},"end":{"line":105,"column":1}},"loc":{"start":{"line":91,"column":7},"end":{"line":105,"column":1}},"line":91},"18":{"name":"addShoppingList","decl":{"start":{"line":106,"column":7},"end":{"line":122,"column":1}},"loc":{"start":{"line":106,"column":7},"end":{"line":122,"column":1}},"line":106},"19":{"name":"deleteList","decl":{"start":{"line":124,"column":7},"end":{"line":134,"column":1}},"loc":{"start":{"line":124,"column":7},"end":{"line":134,"column":1}},"line":124},"20":{"name":"fetchListById","decl":{"start":{"line":151,"column":7},"end":{"line":164,"column":1}},"loc":{"start":{"line":151,"column":7},"end":{"line":164,"column":1}},"line":151}},"f":{"0":1,"1":1,"2":0,"3":1,"4":1,"5":0,"6":1,"7":1,"8":0,"9":1,"10":1,"11":0,"12":1,"13":1,"14":0,"15":1,"16":1,"17":0,"18":0,"19":0,"20":6}}
,"C:\\Edstem\\capstone\\shopping-list\\src\\services\\api.jsx": {"path":"C:\\Edstem\\capstone\\shopping-list\\src\\services\\api.jsx","all":false,"statementMap":{"0":{"start":{"line":1,"column":0},"end":{"line":1,"column":26}},"1":{"start":{"line":2,"column":0},"end":{"line":2,"column":53}},"2":{"start":{"line":3,"column":0},"end":{"line":3,"column":55}},"3":{"start":{"line":4,"column":0},"end":{"line":4,"column":54}},"4":{"start":{"line":5,"column":0},"end":{"line":5,"column":66}},"6":{"start":{"line":7,"column":0},"end":{"line":7,"column":47}},"7":{"start":{"line":8,"column":0},"end":{"line":8,"column":48}},"8":{"start":{"line":9,"column":0},"end":{"line":9,"column":45}},"9":{"start":{"line":10,"column":0},"end":{"line":10,"column":23}},"10":{"start":{"line":11,"column":0},"end":{"line":11,"column":2}},"12":{"start":{"line":13,"column":0},"end":{"line":13,"column":44}},"13":{"start":{"line":14,"column":0},"end":{"line":14,"column":54}},"14":{"start":{"line":15,"column":0},"end":{"line":15,"column":36}},"15":{"start":{"line":16,"column":0},"end":{"line":16,"column":23}},"16":{"start":{"line":17,"column":0},"end":{"line":17,"column":2}},"18":{"start":{"line":19,"column":0},"end":{"line":19,"column":39}},"19":{"start":{"line":20,"column":0},"end":{"line":20,"column":49}},"21":{"start":{"line":22,"column":0},"end":{"line":22,"column":23}},"22":{"start":{"line":23,"column":0},"end":{"line":23,"column":2}},"23":{"start":{"line":24,"column":0},"end":{"line":24,"column":56}},"24":{"start":{"line":25,"column":0},"end":{"line":25,"column":44}},"25":{"start":{"line":26,"column":0},"end":{"line":26,"column":58}},"26":{"start":{"line":27,"column":0},"end":{"line":27,"column":51}},"27":{"start":{"line":28,"column":0},"end":{"line":28,"column":18}},"28":{"start":{"line":29,"column":0},"end":{"line":29,"column":2}}},"s":{"0":1,"1":1,"2":1,"3":1,"4":1,"6":1,"7":1,"8":1,"9":1,"10":1,"12":1,"13":1,"14":1,"15":1,"16":1,"18":1,"19":1,"21":1,"22":1,"23":1,"24":1,"25":1,"26":1,"27":1,"28":1},"branchMap":{"0":{"type":"branch","line":7,"loc":{"start":{"line":7,"column":34},"end":{"line":11,"column":2}},"locations":[{"start":{"line":7,"column":34},"end":{"line":11,"column":2}}]},"1":{"type":"branch","line":13,"loc":{"start":{"line":13,"column":31},"end":{"line":17,"column":2}},"locations":[{"start":{"line":13,"column":31},"end":{"line":17,"column":2}}]},"2":{"type":"branch","line":19,"loc":{"start":{"line":19,"column":26},"end":{"line":23,"column":2}},"locations":[{"start":{"line":19,"column":26},"end":{"line":23,"column":2}}]},"3":{"type":"branch","line":24,"loc":{"start":{"line":24,"column":36},"end":{"line":29,"column":2}},"locations":[{"start":{"line":24,"column":36},"end":{"line":29,"column":2}}]}},"b":{"0":[1],"1":[1],"2":[1],"3":[1]},"fnMap":{"0":{"name":"fetchShoppingLists","decl":{"start":{"line":7,"column":34},"end":{"line":11,"column":2}},"loc":{"start":{"line":7,"column":34},"end":{"line":11,"column":2}},"line":7},"1":{"name":"fetchCategories","decl":{"start":{"line":13,"column":31},"end":{"line":17,"column":2}},"loc":{"start":{"line":13,"column":31},"end":{"line":17,"column":2}},"line":13},"2":{"name":"fetchUsers","decl":{"start":{"line":19,"column":26},"end":{"line":23,"column":2}},"loc":{"start":{"line":19,"column":26},"end":{"line":23,"column":2}},"line":19},"3":{"name":"addShoppingListasync","decl":{"start":{"line":24,"column":36},"end":{"line":29,"column":2}},"loc":{"start":{"line":24,"column":36},"end":{"line":29,"column":2}},"line":24}},"f":{"0":1,"1":1,"2":1,"3":1}}
}
